

================================================================
== Vivado HLS Report for 'example'
================================================================
* Date:           Wed May 14 04:23:35 2025

* Version:        2020.1 (Build 2897737 on Wed May 27 20:21:37 MDT 2020)
* Project:        assignment8
* Solution:       solution1
* Product family: virtexuplus
* Target device:  xcvu9p-flga2104-1-i


================================================================
== Performance Estimates
================================================================
+ Timing: 
    * Summary: 
    +--------+----------+----------+------------+
    |  Clock |  Target  | Estimated| Uncertainty|
    +--------+----------+----------+------------+
    |ap_clk  | 25.00 ns | 6.339 ns |   3.12 ns  |
    +--------+----------+----------+------------+

+ Latency: 
    * Summary: 
    +---------+---------+-----------+-----------+--------+--------+---------+
    |  Latency (cycles) |   Latency (absolute)  |     Interval    | Pipeline|
    |   min   |   max   |    min    |    max    |   min  |   max  |   Type  |
    +---------+---------+-----------+-----------+--------+--------+---------+
    |   532609|   532609| 13.315 ms | 13.315 ms |  532609|  532609|   none  |
    +---------+---------+-----------+-----------+--------+--------+---------+

    + Detail: 
        * Instance: 
        N/A

        * Loop: 
        +-----------------+---------+---------+----------+-----------+-----------+------+----------+
        |                 |  Latency (cycles) | Iteration|  Initiation Interval  | Trip |          |
        |    Loop Name    |   min   |   max   |  Latency |  achieved |   target  | Count| Pipelined|
        +-----------------+---------+---------+----------+-----------+-----------+------+----------+
        |- Loop 1         |   532608|   532608|      8322|          -|          -|    64|    no    |
        | + Loop 1.1      |     8320|     8320|       130|          -|          -|    64|    no    |
        |  ++ Loop 1.1.1  |      128|      128|         2|          -|          -|    64|    no    |
        +-----------------+---------+---------+----------+-----------+-----------+------+----------+



================================================================
== Utilization Estimates
================================================================
* Summary: 
+---------------------+---------+-------+---------+---------+-----+
|         Name        | BRAM_18K| DSP48E|    FF   |   LUT   | URAM|
+---------------------+---------+-------+---------+---------+-----+
|DSP                  |        -|      -|        -|        -|    -|
|Expression           |        -|      3|        0|      200|    -|
|FIFO                 |        -|      -|        -|        -|    -|
|Instance             |        -|      -|        -|        -|    -|
|Memory               |        -|      -|        -|        -|    -|
|Multiplexer          |        -|      -|        -|       69|    -|
|Register             |        -|      -|      105|        -|    -|
+---------------------+---------+-------+---------+---------+-----+
|Total                |        0|      3|      105|      269|    0|
+---------------------+---------+-------+---------+---------+-----+
|Available SLR        |     1440|   2280|   788160|   394080|  320|
+---------------------+---------+-------+---------+---------+-----+
|Utilization SLR (%)  |        0|   ~0  |    ~0   |    ~0   |    0|
+---------------------+---------+-------+---------+---------+-----+
|Available            |     4320|   6840|  2364480|  1182240|  960|
+---------------------+---------+-------+---------+---------+-----+
|Utilization (%)      |        0|   ~0  |    ~0   |    ~0   |    0|
+---------------------+---------+-------+---------+---------+-----+

+ Detail: 
    * Instance: 
    N/A

    * DSP48E: 
    N/A

    * Memory: 
    N/A

    * FIFO: 
    N/A

    * Expression: 
    +-----------------------+----------+-------+---+----+------------+------------+
    |     Variable Name     | Operation| DSP48E| FF| LUT| Bitwidth P0| Bitwidth P1|
    +-----------------------+----------+-------+---+----+------------+------------+
    |mul_ln700_fu_212_p2    |     *    |      3|  0|  20|          32|          32|
    |add_ln180_fu_142_p2    |     +    |      0|  0|  21|          14|          14|
    |add_ln215_1_fu_190_p2  |     +    |      0|  0|  21|          14|          14|
    |add_ln215_fu_168_p2    |     +    |      0|  0|  21|          14|          14|
    |add_ln700_fu_218_p2    |     +    |      0|  0|  39|          32|          32|
    |i_fu_132_p2            |     +    |      0|  0|  15|           7|           1|
    |j_fu_158_p2            |     +    |      0|  0|  15|           7|           1|
    |k_fu_206_p2            |     +    |      0|  0|  15|           7|           1|
    |icmp_ln13_fu_200_p2    |   icmp   |      0|  0|  11|           7|           8|
    |icmp_ln8_fu_126_p2     |   icmp   |      0|  0|  11|           7|           8|
    |icmp_ln9_fu_152_p2     |   icmp   |      0|  0|  11|           7|           8|
    +-----------------------+----------+-------+---+----+------------+------------+
    |Total                  |          |      3|  0| 200|         148|         133|
    +-----------------------+----------+-------+---+----+------------+------------+

    * Multiplexer: 
    +-----------------+----+-----------+-----+-----------+
    |       Name      | LUT| Input Size| Bits| Total Bits|
    +-----------------+----+-----------+-----+-----------+
    |C_V_load_reg_90  |   9|          2|   32|         64|
    |ap_NS_fsm        |  33|          6|    1|          6|
    |i_0_reg_68       |   9|          2|    7|         14|
    |j_0_reg_79       |   9|          2|    7|         14|
    |k_0_reg_103      |   9|          2|    7|         14|
    +-----------------+----+-----------+-----+-----------+
    |Total            |  69|         14|   54|        112|
    +-----------------+----+-----------+-----+-----------+

    * Register: 
    +--------------------+----+----+-----+-----------+
    |        Name        | FF | LUT| Bits| Const Bits|
    +--------------------+----+----+-----+-----------+
    |C_V_addr_reg_243    |  12|   0|   12|          0|
    |C_V_load_reg_90     |  32|   0|   32|          0|
    |ap_CS_fsm           |   5|   0|    5|          0|
    |i_0_reg_68          |   7|   0|    7|          0|
    |i_reg_233           |   7|   0|    7|          0|
    |j_0_reg_79          |   7|   0|    7|          0|
    |j_reg_251           |   7|   0|    7|          0|
    |k_0_reg_103         |   7|   0|    7|          0|
    |k_reg_269           |   7|   0|    7|          0|
    |zext_ln180_reg_238  |   7|   0|   14|          7|
    |zext_ln8_reg_224    |   7|   0|   14|          7|
    +--------------------+----+----+-----+-----------+
    |Total               | 105|   0|  119|         14|
    +--------------------+----+----+-----+-----------+



================================================================
== Interface
================================================================
* Summary: 
+--------------+-----+-----+------------+--------------+--------------+
|   RTL Ports  | Dir | Bits|  Protocol  | Source Object|    C Type    |
+--------------+-----+-----+------------+--------------+--------------+
|ap_clk        |  in |    1| ap_ctrl_hs |    example   | return value |
|ap_rst        |  in |    1| ap_ctrl_hs |    example   | return value |
|ap_start      |  in |    1| ap_ctrl_hs |    example   | return value |
|ap_done       | out |    1| ap_ctrl_hs |    example   | return value |
|ap_idle       | out |    1| ap_ctrl_hs |    example   | return value |
|ap_ready      | out |    1| ap_ctrl_hs |    example   | return value |
|A_V_address0  | out |   12|  ap_memory |      A_V     |     array    |
|A_V_ce0       | out |    1|  ap_memory |      A_V     |     array    |
|A_V_q0        |  in |   32|  ap_memory |      A_V     |     array    |
|B_V_address0  | out |   12|  ap_memory |      B_V     |     array    |
|B_V_ce0       | out |    1|  ap_memory |      B_V     |     array    |
|B_V_q0        |  in |   32|  ap_memory |      B_V     |     array    |
|C_V_address0  | out |   12|  ap_memory |      C_V     |     array    |
|C_V_ce0       | out |    1|  ap_memory |      C_V     |     array    |
|C_V_we0       | out |    1|  ap_memory |      C_V     |     array    |
|C_V_d0        | out |   32|  ap_memory |      C_V     |     array    |
+--------------+-----+-----+------------+--------------+--------------+

