

================================================================
== Vivado HLS Report for 'project'
================================================================
* Date:           Thu May 15 19:09:32 2025

* Version:        2020.1 (Build 2897737 on Wed May 27 20:21:37 MDT 2020)
* Project:        project
* Solution:       solution1
* Product family: virtexuplus
* Target device:  xcvu9p-flga2104-1-i


================================================================
== Performance Estimates
================================================================
+ Timing: 
    * Summary: 
    +--------+----------+----------+------------+
    |  Clock |  Target  | Estimated| Uncertainty|
    +--------+----------+----------+------------+
    |ap_clk  | 25.00 ns | 3.692 ns |   3.12 ns  |
    +--------+----------+----------+------------+

+ Latency: 
    * Summary: 
    +---------+---------+----------+----------+-----+-----+---------+
    |  Latency (cycles) |  Latency (absolute) |  Interval | Pipeline|
    |   min   |   max   |    min   |    max   | min | max |   Type  |
    +---------+---------+----------+----------+-----+-----+---------+
    |        ?|        ?|         ?|         ?|    ?|    ?|   none  |
    +---------+---------+----------+----------+-----+-----+---------+

    + Detail: 
        * Instance: 
        +--------------------------------+----------------------+---------+---------+-----------+-----------+---------+---------+---------+
        |                                |                      |  Latency (cycles) |   Latency (absolute)  |      Interval     | Pipeline|
        |            Instance            |        Module        |   min   |   max   |    min    |    max    |   min   |   max   |   Type  |
        +--------------------------------+----------------------+---------+---------+-----------+-----------+---------+---------+---------+
        |grp_calculate_cluster_en_fu_28  |calculate_cluster_en  |        ?|        ?|          ?|          ?|        ?|        ?|   none  |
        |grp_sort_cluster_energy_fu_42   |sort_cluster_energy   |  1732810|  1732810| 43.320 ms | 43.320 ms |  1732810|  1732810|   none  |
        |grp_calculate_tower_ener_fu_50  |calculate_tower_ener  |     2143|     2143| 53.575 us | 53.575 us |     2143|     2143|   none  |
        +--------------------------------+----------------------+---------+---------+-----------+-----------+---------+---------+---------+

        * Loop: 
        N/A



================================================================
== Utilization Estimates
================================================================
* Summary: 
+---------------------+---------+-------+---------+---------+-----+
|         Name        | BRAM_18K| DSP48E|    FF   |   LUT   | URAM|
+---------------------+---------+-------+---------+---------+-----+
|DSP                  |        -|      -|        -|        -|    -|
|Expression           |        -|      -|        0|        2|    -|
|FIFO                 |        -|      -|        -|        -|    -|
|Instance             |        -|      -|      451|     1203|    -|
|Memory               |        -|      -|        -|        -|    -|
|Multiplexer          |        -|      -|        -|      377|    -|
|Register             |        -|      -|       13|        -|    -|
+---------------------+---------+-------+---------+---------+-----+
|Total                |        0|      0|      464|     1582|    0|
+---------------------+---------+-------+---------+---------+-----+
|Available SLR        |     1440|   2280|   788160|   394080|  320|
+---------------------+---------+-------+---------+---------+-----+
|Utilization SLR (%)  |        0|      0|    ~0   |    ~0   |    0|
+---------------------+---------+-------+---------+---------+-----+
|Available            |     4320|   6840|  2364480|  1182240|  960|
+---------------------+---------+-------+---------+---------+-----+
|Utilization (%)      |        0|      0|    ~0   |    ~0   |    0|
+---------------------+---------+-------+---------+---------+-----+

+ Detail: 
    * Instance: 
    +--------------------------------+----------------------+---------+-------+-----+-----+-----+
    |            Instance            |        Module        | BRAM_18K| DSP48E|  FF | LUT | URAM|
    +--------------------------------+----------------------+---------+-------+-----+-----+-----+
    |grp_calculate_cluster_en_fu_28  |calculate_cluster_en  |        0|      0|  263|  539|    0|
    |grp_calculate_tower_ener_fu_50  |calculate_tower_ener  |        0|      0|   87|  303|    0|
    |grp_sort_cluster_energy_fu_42   |sort_cluster_energy   |        0|      0|  101|  361|    0|
    +--------------------------------+----------------------+---------+-------+-----+-----+-----+
    |Total                           |                      |        0|      0|  451| 1203|    0|
    +--------------------------------+----------------------+---------+-------+-----+-----+-----+

    * DSP48E: 
    N/A

    * Memory: 
    N/A

    * FIFO: 
    N/A

    * Expression: 
    +---------------------------------+----------+-------+---+----+------------+------------+
    |          Variable Name          | Operation| DSP48E| FF| LUT| Bitwidth P0| Bitwidth P1|
    +---------------------------------+----------+-------+---+----+------------+------------+
    |ap_block_state6_on_subcall_done  |    or    |      0|  0|   2|           1|           1|
    +---------------------------------+----------+-------+---+----+------------+------------+
    |Total                            |          |      0|  0|   2|           1|           1|
    +---------------------------------+----------+-------+---+----+------------+------------+

    * Multiplexer: 
    +---------------------------------------------------+----+-----------+-----+-----------+
    |                        Name                       | LUT| Input Size| Bits| Total Bits|
    +---------------------------------------------------+----+-----------+-----+-----------+
    |ap_NS_fsm                                          |  50|         11|    1|         11|
    |cluster_3x3_energy_V_address0                      |  15|          3|   10|         30|
    |cluster_3x3_energy_V_ce0                           |  15|          3|    1|          3|
    |cluster_3x3_energy_V_ce1                           |   9|          2|    1|          2|
    |cluster_3x3_energy_V_d0                            |  15|          3|   16|         48|
    |cluster_3x3_energy_V_we0                           |  15|          3|    1|          3|
    |cluster_3x3_energy_V_we1                           |   9|          2|    1|          2|
    |cluster_5x5_energy_V_address0                      |  15|          3|   10|         30|
    |cluster_5x5_energy_V_ce0                           |  15|          3|    1|          3|
    |cluster_5x5_energy_V_ce1                           |   9|          2|    1|          2|
    |cluster_5x5_energy_V_d0                            |  15|          3|   16|         48|
    |cluster_5x5_energy_V_we0                           |  15|          3|    1|          3|
    |cluster_5x5_energy_V_we1                           |   9|          2|    1|          2|
    |cluster_7x7_energy_V_address0                      |  15|          3|   10|         30|
    |cluster_7x7_energy_V_ce0                           |  15|          3|    1|          3|
    |cluster_7x7_energy_V_ce1                           |   9|          2|    1|          2|
    |cluster_7x7_energy_V_d0                            |  15|          3|   16|         48|
    |cluster_7x7_energy_V_we0                           |  15|          3|    1|          3|
    |cluster_7x7_energy_V_we1                           |   9|          2|    1|          2|
    |crystal_energy_V_address0                          |  15|          3|   10|         30|
    |crystal_energy_V_ce0                               |  15|          3|    1|          3|
    |grp_calculate_cluster_en_fu_28_offset_V            |  21|          4|    2|          8|
    |grp_sort_cluster_energy_fu_42_cluster_energy_V_q0  |  21|          4|   16|         64|
    |grp_sort_cluster_energy_fu_42_cluster_energy_V_q1  |  21|          4|   16|         64|
    +---------------------------------------------------+----+-----------+-----+-----------+
    |Total                                              | 377|         77|  136|        444|
    +---------------------------------------------------+----+-----------+-----+-----------+

    * Register: 
    +---------------------------------------------+----+----+-----+-----------+
    |                     Name                    | FF | LUT| Bits| Const Bits|
    +---------------------------------------------+----+----+-----+-----------+
    |ap_CS_fsm                                    |  10|   0|   10|          0|
    |grp_calculate_cluster_en_fu_28_ap_start_reg  |   1|   0|    1|          0|
    |grp_calculate_tower_ener_fu_50_ap_start_reg  |   1|   0|    1|          0|
    |grp_sort_cluster_energy_fu_42_ap_start_reg   |   1|   0|    1|          0|
    +---------------------------------------------+----+----+-----+-----------+
    |Total                                        |  13|   0|   13|          0|
    +---------------------------------------------+----+----+-----+-----------+



================================================================
== Interface
================================================================
* Summary: 
+-------------------------------+-----+-----+------------+----------------------+--------------+
|           RTL Ports           | Dir | Bits|  Protocol  |     Source Object    |    C Type    |
+-------------------------------+-----+-----+------------+----------------------+--------------+
|ap_clk                         |  in |    1| ap_ctrl_hs |        project       | return value |
|ap_rst                         |  in |    1| ap_ctrl_hs |        project       | return value |
|ap_start                       |  in |    1| ap_ctrl_hs |        project       | return value |
|ap_done                        | out |    1| ap_ctrl_hs |        project       | return value |
|ap_idle                        | out |    1| ap_ctrl_hs |        project       | return value |
|ap_ready                       | out |    1| ap_ctrl_hs |        project       | return value |
|crystal_energy_V_address0      | out |   10|  ap_memory |   crystal_energy_V   |     array    |
|crystal_energy_V_ce0           | out |    1|  ap_memory |   crystal_energy_V   |     array    |
|crystal_energy_V_q0            |  in |    8|  ap_memory |   crystal_energy_V   |     array    |
|tower_energy_V_address0        | out |    6|  ap_memory |    tower_energy_V    |     array    |
|tower_energy_V_ce0             | out |    1|  ap_memory |    tower_energy_V    |     array    |
|tower_energy_V_we0             | out |    1|  ap_memory |    tower_energy_V    |     array    |
|tower_energy_V_d0              | out |   16|  ap_memory |    tower_energy_V    |     array    |
|cluster_3x3_energy_V_address0  | out |   10|  ap_memory | cluster_3x3_energy_V |     array    |
|cluster_3x3_energy_V_ce0       | out |    1|  ap_memory | cluster_3x3_energy_V |     array    |
|cluster_3x3_energy_V_we0       | out |    1|  ap_memory | cluster_3x3_energy_V |     array    |
|cluster_3x3_energy_V_d0        | out |   16|  ap_memory | cluster_3x3_energy_V |     array    |
|cluster_3x3_energy_V_q0        |  in |   16|  ap_memory | cluster_3x3_energy_V |     array    |
|cluster_3x3_energy_V_address1  | out |   10|  ap_memory | cluster_3x3_energy_V |     array    |
|cluster_3x3_energy_V_ce1       | out |    1|  ap_memory | cluster_3x3_energy_V |     array    |
|cluster_3x3_energy_V_we1       | out |    1|  ap_memory | cluster_3x3_energy_V |     array    |
|cluster_3x3_energy_V_d1        | out |   16|  ap_memory | cluster_3x3_energy_V |     array    |
|cluster_3x3_energy_V_q1        |  in |   16|  ap_memory | cluster_3x3_energy_V |     array    |
|cluster_5x5_energy_V_address0  | out |   10|  ap_memory | cluster_5x5_energy_V |     array    |
|cluster_5x5_energy_V_ce0       | out |    1|  ap_memory | cluster_5x5_energy_V |     array    |
|cluster_5x5_energy_V_we0       | out |    1|  ap_memory | cluster_5x5_energy_V |     array    |
|cluster_5x5_energy_V_d0        | out |   16|  ap_memory | cluster_5x5_energy_V |     array    |
|cluster_5x5_energy_V_q0        |  in |   16|  ap_memory | cluster_5x5_energy_V |     array    |
|cluster_5x5_energy_V_address1  | out |   10|  ap_memory | cluster_5x5_energy_V |     array    |
|cluster_5x5_energy_V_ce1       | out |    1|  ap_memory | cluster_5x5_energy_V |     array    |
|cluster_5x5_energy_V_we1       | out |    1|  ap_memory | cluster_5x5_energy_V |     array    |
|cluster_5x5_energy_V_d1        | out |   16|  ap_memory | cluster_5x5_energy_V |     array    |
|cluster_5x5_energy_V_q1        |  in |   16|  ap_memory | cluster_5x5_energy_V |     array    |
|cluster_7x7_energy_V_address0  | out |   10|  ap_memory | cluster_7x7_energy_V |     array    |
|cluster_7x7_energy_V_ce0       | out |    1|  ap_memory | cluster_7x7_energy_V |     array    |
|cluster_7x7_energy_V_we0       | out |    1|  ap_memory | cluster_7x7_energy_V |     array    |
|cluster_7x7_energy_V_d0        | out |   16|  ap_memory | cluster_7x7_energy_V |     array    |
|cluster_7x7_energy_V_q0        |  in |   16|  ap_memory | cluster_7x7_energy_V |     array    |
|cluster_7x7_energy_V_address1  | out |   10|  ap_memory | cluster_7x7_energy_V |     array    |
|cluster_7x7_energy_V_ce1       | out |    1|  ap_memory | cluster_7x7_energy_V |     array    |
|cluster_7x7_energy_V_we1       | out |    1|  ap_memory | cluster_7x7_energy_V |     array    |
|cluster_7x7_energy_V_d1        | out |   16|  ap_memory | cluster_7x7_energy_V |     array    |
|cluster_7x7_energy_V_q1        |  in |   16|  ap_memory | cluster_7x7_energy_V |     array    |
+-------------------------------+-----+-----+------------+----------------------+--------------+

