INFO: [SIM 2] *************** CSIM start ***************
INFO: [SIM 4] CSIM will launch GCC as the compiler.
   Compiling ../../../../example_test.cpp in debug mode
   Generating csim.exe
Input Matrix A:
48 83 93 59 105 52 86 83 55 100 85 92 101 77 48 102 44 62 98 69 82 81 55 96 68 88 77 93 73 51 68 80 92 55 97 91 66 77 68 79 71 47 65 66 83 72 62 85 92 55 48 69 94 62 59 56 44 94 43 75 103 70 49 90 
106 77 45 77 104 83 106 45 106 67 86 72 87 66 59 100 72 86 88 92 103 103 94 91 104 64 88 68 71 72 46 70 106 47 103 102 86 102 103 85 61 82 49 104 104 64 97 68 106 77 53 101 72 103 84 69 59 65 93 87 93 95 49 91 
58 99 91 116 95 68 69 69 74 66 65 94 119 89 93 88 98 86 117 94 63 78 109 84 63 88 69 115 93 117 106 94 94 75 88 67 86 100 78 102 108 85 74 105 117 109 71 93 74 66 65 79 86 117 105 92 83 116 85 119 111 69 91 84 
94 66 87 72 87 67 58 50 84 41 45 71 55 81 87 63 88 44 92 83 91 62 45 86 89 42 75 36 75 37 64 74 73 57 52 65 93 79 84 82 90 35 59 50 85 51 82 78 65 79 67 61 46 81 52 40 92 33 45 72 39 79 51 81 
54 33 21 39 23 73 34 27 37 53 17 57 40 64 27 25 36 58 40 22 15 50 19 17 64 60 26 48 17 76 58 58 33 67 20 43 63 41 57 23 17 61 67 45 48 18 57 72 63 20 17 65 57 24 70 45 71 19 16 75 18 62 57 38 
93 97 67 58 77 77 62 61 67 94 97 72 74 92 58 82 96 47 62 43 104 94 102 46 98 100 51 83 80 77 58 68 68 83 84 104 54 104 59 79 93 50 46 61 100 62 101 91 67 58 92 65 46 88 69 102 83 79 79 57 50 95 83 76 
52 65 75 51 83 49 38 91 53 57 86 73 53 71 35 69 57 58 73 40 86 70 81 59 43 96 67 33 74 37 63 93 70 42 47 56 58 52 50 78 77 39 54 33 77 56 69 38 82 45 45 71 82 93 33 93 92 67 93 69 71 59 66 44 
85 72 98 41 90 79 85 96 101 85 77 60 57 82 45 69 94 83 55 90 83 51 85 53 47 58 92 73 91 39 45 74 74 41 77 62 83 60 56 82 43 95 40 62 75 48 94 67 93 47 55 75 60 39 90 69 59 80 40 48 82 47 84 54 
38 56 74 60 74 54 66 68 56 26 41 66 18 71 58 27 24 31 49 25 19 16 46 62 19 56 42 28 39 58 41 61 34 35 41 28 73 27 16 50 38 42 36 40 33 78 52 41 29 21 51 33 22 17 79 25 58 41 37 17 19 63 62 37 
12 38 65 24 39 35 46 65 55 6 18 54 42 43 67 48 14 20 54 16 19 63 58 44 20 59 47 67 41 68 6 48 38 66 67 8 32 44 68 18 46 17 67 19 55 66 62 65 17 47 12 32 41 65 7 57 55 50 55 27 49 56 6 18 
51 67 62 90 66 76 67 78 74 82 65 71 75 61 84 54 68 111 90 64 113 78 114 94 65 72 75 52 73 88 101 73 105 112 113 56 73 65 84 97 96 98 53 57 108 86 60 61 82 99 74 81 63 73 60 77 94 84 78 52 58 64 75 112 
36 16 47 50 49 29 32 32 32 38 25 67 47 35 35 31 58 65 43 16 74 69 59 44 33 61 51 46 21 48 57 43 50 27 15 22 42 33 40 60 57 52 50 26 73 71 44 54 58 73 56 54 65 38 20 20 21 57 52 28 27 32 57 64 
78 92 93 34 54 76 77 92 48 90 88 41 56 64 85 51 42 61 38 66 68 44 73 47 83 87 61 37 66 47 68 47 41 63 47 61 41 90 56 55 82 46 62 40 76 49 58 84 77 62 53 47 73 92 60 58 82 87 61 50 36 95 63 43 
71 66 63 64 88 84 48 36 49 55 78 64 79 64 43 43 83 56 82 78 83 42 62 72 69 78 75 66 44 84 29 86 57 63 57 52 54 77 59 74 39 44 46 89 80 60 39 70 88 29 55 78 42 88 57 83 74 39 56 89 31 56 82 59 
82 118 87 66 84 68 76 100 85 72 87 117 82 64 112 82 91 97 96 86 125 86 67 72 113 127 74 77 117 104 74 71 94 97 73 115 102 85 87 123 93 110 112 111 110 96 66 73 65 98 96 127 120 99 71 105 99 81 118 88 121 65 95 88 
77 48 45 98 71 41 63 53 89 46 99 58 48 45 59 82 77 58 74 48 65 52 83 82 42 43 76 43 74 100 78 50 47 86 47 81 90 73 97 79 83 95 100 94 39 58 76 79 80 49 91 44 64 73 90 70 80 65 76 53 64 53 67 74 
45 22 60 18 18 38 64 12 37 57 15 59 32 57 38 45 47 45 8 20 34 41 63 62 17 15 25 33 45 62 35 22 15 27 35 28 60 30 36 29 18 46 19 46 34 52 22 13 28 25 28 58 62 22 51 10 32 8 38 9 65 5 26 12 
76 55 38 37 86 62 50 63 76 27 29 59 44 37 83 65 60 72 58 77 54 63 40 57 32 44 54 32 65 61 54 52 27 68 64 25 41 26 63 29 28 67 63 48 79 57 88 50 40 57 38 70 31 54 38 38 73 67 46 50 39 75 77 42 
60 49 78 61 87 82 64 66 56 87 56 89 86 82 40 54 95 85 60 60 35 74 45 77 95 70 92 81 58 45 47 86 62 93 51 53 79 84 87 39 75 48 32 66 34 41 88 33 94 53 62 33 95 75 79 94 49 75 79 75 88 94 66 54 
115 105 104 103 97 112 83 113 112 117 115 121 109 116 120 66 82 121 65 125 104 63 78 83 111 122 75 109 92 97 105 81 77 83 123 112 69 80 99 120 71 88 115 118 78 109 123 99 105 62 98 83 64 115 105 113 111 118 96 77 90 75 96 105 
69 67 80 87 40 74 96 66 64 89 82 47 86 55 90 86 92 48 88 81 91 75 66 83 46 81 47 59 51 90 94 83 55 73 68 57 45 63 85 71 50 66 81 98 83 69 82 73 79 69 52 68 42 80 50 50 59 59 72 73 48 64 54 65 
110 111 69 71 94 102 83 122 81 79 104 113 124 75 90 91 90 121 95 68 69 108 90 90 78 125 100 104 77 64 102 123 111 107 67 77 81 86 72 99 102 112 84 98 123 110 125 85 103 92 90 108 72 116 71 86 113 107 127 126 107 101 121 90 
79 59 52 38 67 23 76 51 43 46 46 26 43 68 65 71 30 46 80 82 53 38 67 32 37 65 76 74 58 38 26 55 78 60 74 62 64 67 30 25 30 58 32 54 43 78 42 54 41 39 53 75 59 37 25 77 19 82 69 58 37 76 30 33 
39 94 53 87 42 59 98 81 72 69 41 67 93 76 90 49 46 82 89 64 88 84 64 87 70 39 42 63 51 56 98 53 49 50 40 54 72 37 98 43 70 38 73 62 77 62 74 86 44 63 49 95 46 76 82 79 79 87 41 93 42 38 45 54 
28 52 66 29 49 72 62 51 45 23 27 70 60 77 77 22 25 72 31 65 53 73 43 39 78 35 44 79 43 61 30 55 32 79 67 65 71 48 35 35 54 45 24 33 41 21 39 50 76 53 34 48 46 60 70 43 78 33 41 40 77 54 78 29 
86 99 65 53 53 83 90 81 90 43 42 94 65 75 89 101 92 56 66 71 45 92 68 61 53 91 58 90 89 70 62 72 66 88 87 80 68 74 58 56 78 61 47 40 97 98 39 86 51 66 54 58 56 83 80 70 72 99 57 58 66 81 91 93 
66 61 87 38 81 40 77 39 48 79 34 43 79 81 56 42 33 75 59 77 52 90 46 49 45 65 76 87 54 67 50 90 34 43 34 85 53 82 31 72 67 35 85 52 86 47 64 89 92 30 73 51 90 89 70 41 61 52 34 85 89 55 81 30 
97 96 103 85 97 81 58 102 72 80 95 90 50 90 88 50 69 45 47 65 85 58 96 44 63 87 103 88 74 103 62 66 95 60 46 87 100 63 85 68 102 75 53 48 60 100 57 89 41 63 49 85 81 104 88 103 86 87 86 55 85 43 81 75 
70 42 42 29 86 69 26 56 81 33 75 77 50 59 77 72 67 57 48 66 41 46 47 87 27 62 67 30 38 38 52 83 55 69 87 52 50 25 83 42 33 69 30 58 40 82 42 82 51 65 60 67 87 82 65 25 55 43 30 68 56 57 63 86 
52 40 54 52 34 71 61 79 77 30 30 70 47 23 32 24 58 74 22 52 50 22 18 69 28 62 36 60 36 34 73 72 58 47 45 77 39 26 76 36 40 26 26 72 33 43 16 76 37 22 48 72 28 50 61 40 32 17 21 52 35 78 45 78 
91 92 86 37 88 42 61 34 52 53 51 79 53 47 37 59 79 93 72 50 74 96 66 75 37 39 95 36 68 93 66 62 88 55 66 79 64 94 80 83 51 34 66 71 49 70 34 95 66 73 48 43 72 82 85 77 88 83 80 59 79 49 88 70 
65 60 46 62 43 96 80 45 65 55 61 102 56 59 71 96 75 81 71 60 70 51 51 56 98 77 103 50 68 76 88 92 96 93 49 98 85 89 102 45 103 58 43 54 77 73 45 47 50 75 66 79 86 76 94 79 48 92 89 75 64 72 62 55 
52 30 23 36 28 27 34 45 29 47 81 62 51 23 71 86 48 45 67 83 34 41 26 86 25 60 45 57 81 59 77 47 66 77 60 71 81 72 30 24 32 24 63 61 25 47 60 50 69 40 47 80 58 50 79 61 24 37 31 82 73 85 42 53 
112 69 101 97 76 102 106 78 78 80 80 102 117 107 84 70 67 78 106 95 70 80 96 85 88 91 71 86 111 101 74 104 116 56 82 73 104 69 96 63 95 57 111 93 110 76 109 58 99 96 98 115 57 75 81 90 112 97 57 104 80 76 89 77 
86 65 32 36 43 41 76 45 33 51 36 54 41 40 35 82 83 31 84 40 57 55 33 35 57 82 60 78 52 82 36 49 59 44 60 77 60 48 33 68 74 45 33 26 60 43 83 54 49 78 69 81 44 77 28 76 70 63 65 33 57 76 57 27 
13 63 50 36 71 29 21 27 38 22 62 56 16 28 17 69 72 9 24 61 12 11 42 51 51 51 19 38 19 21 45 23 11 22 50 9 43 62 28 72 11 17 55 18 36 63 14 36 64 29 24 67 31 57 45 9 35 55 39 46 67 11 60 69 
47 79 67 36 34 66 39 42 49 48 70 39 54 33 30 74 48 25 33 32 61 33 59 44 63 32 38 65 19 35 81 48 32 66 67 48 51 24 72 18 54 60 39 26 75 52 19 41 59 34 56 38 49 33 64 31 47 21 78 48 38 77 79 52 
93 47 60 99 101 60 71 80 81 80 73 51 81 97 92 97 71 49 64 86 95 77 51 98 74 81 54 69 78 88 49 60 88 62 48 79 75 73 48 110 106 74 50 76 60 96 62 84 98 79 59 82 110 63 70 73 98 77 95 65 55 98 79 96 
38 22 36 64 23 35 59 51 38 24 64 23 39 38 10 8 50 46 7 67 5 33 54 35 17 8 43 68 40 29 7 10 46 38 5 65 68 60 47 37 15 42 56 50 11 61 53 57 38 55 55 38 19 40 5 31 43 43 31 15 67 33 20 45 
79 100 124 70 78 92 81 115 79 126 122 72 110 110 105 96 96 75 110 67 75 72 105 113 98 115 112 126 66 88 123 82 124 119 88 74 84 105 125 99 103 119 107 85 101 85 117 69 96 99 72 107 108 114 92 78 101 76 77 104 100 72 122 96 
21 45 23 63 43 58 38 34 38 60 8 59 49 13 27 21 22 6 65 8 34 15 45 47 28 21 19 37 15 52 37 34 30 57 30 6 48 65 38 19 58 43 11 41 53 35 59 8 38 57 13 6 5 56 50 31 10 66 65 23 51 35 54 15 
39 40 28 37 75 45 29 51 53 67 38 86 59 43 57 49 54 60 51 43 43 79 50 43 77 70 27 45 57 39 67 71 55 71 84 41 27 88 68 55 66 81 52 36 35 85 60 64 56 86 82 75 77 44 29 65 25 31 86 58 46 64 40 76 
34 27 47 33 70 78 74 62 41 85 73 37 56 48 69 54 42 55 42 61 59 82 61 65 79 30 86 55 46 73 76 56 77 36 66 59 26 52 34 43 50 83 57 82 43 38 48 61 69 66 34 40 61 72 81 52 78 80 83 36 65 72 69 54 
86 65 125 114 75 80 76 70 113 71 89 63 95 63 108 74 73 124 111 121 118 75 112 110 71 124 87 119 105 118 115 64 120 113 116 68 66 65 75 117 73 101 117 106 101 99 117 112 96 101 106 87 113 91 70 121 89 95 113 67 86 101 69 79 
86 48 55 88 60 45 35 34 35 78 73 71 68 58 41 42 37 65 28 66 73 87 28 41 73 32 64 48 38 80 72 33 37 36 31 70 54 39 77 63 90 59 43 67 90 57 82 37 32 83 76 78 79 77 28 62 82 65 83 30 54 64 36 64 
63 66 60 75 52 96 74 85 113 50 84 79 105 94 84 98 79 71 86 65 72 57 57 110 113 60 73 87 69 110 70 83 62 80 108 65 63 69 100 62 69 70 91 61 51 62 109 80 83 81 96 106 89 103 102 88 113 62 61 68 58 81 101 71 
111 101 76 66 87 88 85 107 65 96 108 77 91 75 111 123 121 103 98 110 91 72 109 103 84 127 112 115 115 69 113 97 105 124 98 127 83 118 105 84 86 85 96 112 95 78 106 87 116 75 68 79 83 112 117 102 110 100 88 96 104 73 128 80 
38 19 28 28 60 47 49 16 14 32 46 28 10 68 15 20 7 29 38 54 18 11 35 53 35 67 29 43 66 44 46 35 58 68 57 48 45 36 58 54 62 34 12 66 32 21 17 33 45 49 17 57 55 46 40 20 43 63 57 40 38 33 69 26 
79 91 30 45 79 78 37 43 84 34 69 36 45 32 75 88 43 62 73 83 32 87 57 90 74 91 58 38 90 78 64 76 76 65 92 62 51 36 76 42 41 52 49 57 55 31 53 69 64 33 59 68 92 87 65 73 85 30 82 82 79 53 65 62 
99 66 83 107 113 96 119 72 117 84 98 119 108 74 91 112 104 66 111 99 102 92 91 103 81 81 89 106 117 122 103 89 124 122 68 109 90 123 117 79 79 87 71 123 97 98 108 73 100 91 108 74 119 72 113 73 89 74 115 78 68 90 103 64 
66 68 69 62 57 85 77 80 28 73 49 62 53 58 34 80 39 44 72 47 29 81 72 39 68 86 43 30 62 43 50 41 24 32 80 58 30 71 51 35 57 77 74 23 48 85 80 64 42 65 24 48 59 73 64 40 73 84 47 48 40 74 66 41 
101 117 68 85 81 81 119 71 68 119 97 67 112 74 86 91 76 112 127 126 89 81 112 87 105 73 104 93 117 123 90 90 112 94 111 66 111 102 73 116 93 106 119 77 117 77 104 65 125 104 127 87 121 112 110 98 121 86 127 110 81 89 72 66 
114 63 98 88 72 86 117 115 77 67 104 91 107 105 88 83 104 111 76 88 93 111 82 116 110 64 69 72 73 71 64 64 75 103 94 89 67 88 81 85 96 62 117 81 108 83 105 89 71 59 119 106 111 78 99 98 83 109 111 97 122 116 103 74 
56 86 87 85 44 49 59 47 44 81 96 68 63 63 80 63 59 63 51 78 103 91 102 90 79 77 89 73 57 104 47 72 86 93 52 89 101 70 96 104 46 87 67 69 45 43 91 63 65 102 100 64 88 98 49 62 70 97 94 86 96 100 53 77 
73 71 94 103 62 93 108 108 56 72 113 58 59 71 82 56 67 105 103 60 113 60 89 105 50 70 97 109 82 69 93 105 90 73 94 102 52 89 97 58 111 96 66 56 53 99 62 70 90 51 80 90 62 55 81 62 75 64 57 107 84 100 99 60 
41 75 24 16 58 32 14 40 49 20 43 34 33 64 74 34 30 50 46 36 18 58 61 32 66 55 66 52 40 13 62 69 12 74 74 58 30 12 22 67 20 53 25 41 41 24 64 60 62 34 20 68 17 69 25 71 48 15 47 12 16 33 70 16 
78 72 60 78 82 51 22 60 65 52 25 77 40 73 63 62 81 56 67 75 69 62 47 72 34 48 77 55 42 81 75 34 68 49 26 64 78 26 38 57 56 42 48 74 29 26 51 25 60 32 78 43 73 39 29 85 65 84 54 85 80 43 33 62 
66 69 92 71 86 63 105 106 90 94 113 94 59 52 68 69 108 89 56 62 96 55 105 95 88 105 89 109 52 65 94 68 83 71 88 54 83 78 109 58 57 108 101 65 109 54 84 103 92 89 114 74 94 104 54 67 94 92 61 96 106 104 113 74 
47 39 54 74 33 61 17 26 48 31 21 51 64 73 29 39 72 52 18 61 55 34 41 32 44 22 23 34 20 46 43 55 73 21 53 31 71 58 45 43 14 54 18 66 51 35 29 47 75 35 33 54 57 62 74 26 72 21 48 16 56 15 59 53 
40 76 24 23 46 55 25 24 61 79 64 21 33 35 20 56 56 63 38 42 61 52 38 71 24 42 51 27 25 28 40 50 25 48 57 55 23 66 63 69 65 47 74 18 67 78 59 43 61 17 70 43 53 28 34 61 55 69 72 64 17 33 34 26 
111 101 109 97 85 98 83 52 92 85 103 90 64 67 72 65 57 99 102 69 53 83 108 106 76 93 107 93 111 54 78 107 103 71 88 72 53 55 73 93 89 60 68 101 75 88 115 80 71 101 98 72 69 90 62 93 67 53 70 63 55 96 54 107 
41 14 4 45 35 46 18 44 62 3 3 34 66 32 53 52 14 9 5 52 19 46 4 20 64 15 24 44 17 15 44 55 26 46 33 59 25 48 36 20 49 36 51 48 65 37 33 12 43 35 62 59 14 63 12 11 11 33 53 25 45 30 13 5 
50 67 37 31 36 54 13 69 38 59 68 72 25 13 48 58 72 40 69 68 50 14 12 16 64 34 59 27 45 61 34 22 55 62 44 18 44 49 14 9 35 9 9 51 14 48 36 13 16 33 9 57 38 12 64 29 38 50 47 10 38 72 23 20 
105 76 80 81 82 80 107 82 80 86 87 56 113 92 63 73 92 111 102 95 102 58 60 80 97 61 109 96 75 57 85 61 77 109 86 103 70 74 66 94 104 97 94 97 69 101 115 105 92 97 81 75 100 85 99 77 91 88 117 110 89 83 115 111 
Input Matrix B:
2000 
2058 
1568 
1508 
297 
1440 
403 
648 
322 
45 
3087 
624 
352 
864 
1612 
1365 
27 
437 
720 
2700 
1044 
1736 
272 
665 
210 
2072 
56 
1404 
1449 
896 
1209 
624 
672 
1272 
92 
434 
576 
2295 
126 
2108 
14 
1219 
704 
1098 
975 
1104 
1071 
88 
945 
124 
420 
248 
969 
1482 
576 
60 
840 
1225 
430 
168 
2850 
4 
91 
3078 
Pre-Sort Matrix C:
4652785 
5049196 
5553512 
4057581 
2413647 
4648291 
3861646 
4234301 
2567343 
2424684 
4702460 
2603177 
3935914 
3853043 
5819412 
4198257 
2057655 
3191244 
3965562 
6230731 
4375457 
5952790 
3201466 
3778249 
3041314 
4500519 
3808398 
4754401 
3510243 
2749635 
4065995 
4153548 
3373014 
5275546 
3243160 
2649120 
2826608 
4742554 
2459690 
5971176 
2055710 
3293187 
3472889 
5885047 
3599017 
4623473 
6070237 
2420177 
3974165 
5761374 
3464799 
5885718 
5493718 
4766639 
4821974 
2497233 
3544437 
4982893 
2773110 
2760235 
5120628 
2022268 
2454268 
5307694 
Result Matrix C:
2057655 
2413647 
2424684 
2567343 
2603177 
2749635 
3041314 
3191244 
3201466 
3510243 
3778249 
3808398 
3853043 
3861646 
3935914 
3965562 
4057581 
4065995 
4153548 
4198257 
4234301 
4375457 
4500519 
4648291 
4652785 
4702460 
4754401 
5049196 
5553512 
5819412 
5952790 
6230731 
3373014 
5275546 
3243160 
2649120 
2826608 
4742554 
2459690 
5971176 
2055710 
3293187 
3472889 
5885047 
3599017 
4623473 
6070237 
2420177 
3974165 
5761374 
3464799 
5885718 
5493718 
4766639 
4821974 
2497233 
3544437 
4982893 
2773110 
2760235 
5120628 
2022268 
2454268 
5307694 
INFO: [SIM 1] CSim done with 0 errors.
INFO: [SIM 3] *************** CSIM finish ***************
