

================================================================
== Vivado HLS Report for 'example'
================================================================
* Date:           Mon May 12 10:44:58 2025

* Version:        2020.1 (Build 2897737 on Wed May 27 20:21:37 MDT 2020)
* Project:        assignment7
* Solution:       solution1
* Product family: virtexuplus
* Target device:  xcvu9p-flga2104-1-i


================================================================
== Performance Estimates
================================================================
+ Timing: 
    * Summary: 
    +--------+----------+-----------+------------+
    |  Clock |  Target  | Estimated | Uncertainty|
    +--------+----------+-----------+------------+
    |ap_clk  | 25.00 ns | 11.187 ns |   3.12 ns  |
    +--------+----------+-----------+------------+

+ Latency: 
    * Summary: 
    +---------+---------+----------+-----------+-----+------+---------+
    |  Latency (cycles) |  Latency (absolute)  |  Interval  | Pipeline|
    |   min   |   max   |    min   |    max    | min |  max |   Type  |
    +---------+---------+----------+-----------+-----+------+---------+
    |      160|     1121| 4.000 us | 28.025 us |  160|  1121|   none  |
    +---------+---------+----------+-----------+-----+------+---------+

    + Detail: 
        * Instance: 
        N/A

        * Loop: 
        +-------------+---------+---------+----------+-----------+-----------+--------+----------+
        |             |  Latency (cycles) | Iteration|  Initiation Interval  |  Trip  |          |
        |  Loop Name  |   min   |   max   |  Latency |  achieved |   target  |  Count | Pipelined|
        +-------------+---------+---------+----------+-----------+-----------+--------+----------+
        |- Loop 1     |       64|       64|         2|          1|          1|      64|    yes   |
        |- Loop 2     |       93|     1054|  3 ~ 34  |          -|          -|      31|    no    |
        | + Loop 2.1  |        0|       31|         1|          1|          1| 0 ~ 31 |    yes   |
        +-------------+---------+---------+----------+-----------+-----------+--------+----------+



================================================================
== Utilization Estimates
================================================================
* Summary: 
+---------------------+---------+-------+---------+---------+-----+
|         Name        | BRAM_18K| DSP48E|    FF   |   LUT   | URAM|
+---------------------+---------+-------+---------+---------+-----+
|DSP                  |        -|     64|        -|        -|    -|
|Expression           |        -|      -|        0|     1060|    -|
|FIFO                 |        -|      -|        -|        -|    -|
|Instance             |        -|      -|        -|        -|    -|
|Memory               |        -|      -|        -|        -|    -|
|Multiplexer          |        -|      -|        -|     1039|    -|
|Register             |        -|      -|       41|        -|    -|
+---------------------+---------+-------+---------+---------+-----+
|Total                |        0|     64|       41|     2099|    0|
+---------------------+---------+-------+---------+---------+-----+
|Available SLR        |     1440|   2280|   788160|   394080|  320|
+---------------------+---------+-------+---------+---------+-----+
|Utilization SLR (%)  |        0|      2|    ~0   |    ~0   |    0|
+---------------------+---------+-------+---------+---------+-----+
|Available            |     4320|   6840|  2364480|  1182240|  960|
+---------------------+---------+-------+---------+---------+-----+
|Utilization (%)      |        0|   ~0  |    ~0   |    ~0   |    0|
+---------------------+---------+-------+---------+---------+-----+

+ Detail: 
    * Instance: 
    N/A

    * DSP48E: 
    +--------------------------+----------------------+--------------+
    |         Instance         |        Module        |  Expression  |
    +--------------------------+----------------------+--------------+
    |example_mac_muladcud_U3   |example_mac_muladcud  | i0 + i1 * i2 |
    |example_mac_muladcud_U5   |example_mac_muladcud  | i0 + i1 * i2 |
    |example_mac_muladcud_U7   |example_mac_muladcud  | i0 + i1 * i2 |
    |example_mac_muladcud_U9   |example_mac_muladcud  | i0 + i1 * i2 |
    |example_mac_muladcud_U11  |example_mac_muladcud  | i0 + i1 * i2 |
    |example_mac_muladcud_U13  |example_mac_muladcud  | i0 + i1 * i2 |
    |example_mac_muladcud_U15  |example_mac_muladcud  | i0 + i1 * i2 |
    |example_mac_muladcud_U17  |example_mac_muladcud  | i0 + i1 * i2 |
    |example_mac_muladcud_U19  |example_mac_muladcud  | i0 + i1 * i2 |
    |example_mac_muladcud_U21  |example_mac_muladcud  | i0 + i1 * i2 |
    |example_mac_muladcud_U23  |example_mac_muladcud  | i0 + i1 * i2 |
    |example_mac_muladcud_U25  |example_mac_muladcud  | i0 + i1 * i2 |
    |example_mac_muladcud_U27  |example_mac_muladcud  | i0 + i1 * i2 |
    |example_mac_muladcud_U29  |example_mac_muladcud  | i0 + i1 * i2 |
    |example_mac_muladcud_U31  |example_mac_muladcud  | i0 + i1 * i2 |
    |example_mac_muladcud_U32  |example_mac_muladcud  | i0 + i1 * i2 |
    |example_mac_muladcud_U34  |example_mac_muladcud  | i0 + i1 * i2 |
    |example_mac_muladcud_U36  |example_mac_muladcud  | i0 + i1 * i2 |
    |example_mac_muladcud_U38  |example_mac_muladcud  | i0 + i1 * i2 |
    |example_mac_muladcud_U40  |example_mac_muladcud  | i0 + i1 * i2 |
    |example_mac_muladcud_U42  |example_mac_muladcud  | i0 + i1 * i2 |
    |example_mac_muladcud_U44  |example_mac_muladcud  | i0 + i1 * i2 |
    |example_mac_muladcud_U46  |example_mac_muladcud  | i0 + i1 * i2 |
    |example_mac_muladcud_U48  |example_mac_muladcud  | i0 + i1 * i2 |
    |example_mac_muladcud_U50  |example_mac_muladcud  | i0 + i1 * i2 |
    |example_mac_muladcud_U52  |example_mac_muladcud  | i0 + i1 * i2 |
    |example_mac_muladcud_U54  |example_mac_muladcud  | i0 + i1 * i2 |
    |example_mac_muladcud_U56  |example_mac_muladcud  | i0 + i1 * i2 |
    |example_mac_muladcud_U58  |example_mac_muladcud  | i0 + i1 * i2 |
    |example_mac_muladcud_U60  |example_mac_muladcud  | i0 + i1 * i2 |
    |example_mac_muladcud_U63  |example_mac_muladcud  | i0 + i1 * i2 |
    |example_mac_muladcud_U64  |example_mac_muladcud  | i0 + i1 * i2 |
    |example_mul_mul_1bkb_U1   |example_mul_mul_1bkb  |    i0 * i1   |
    |example_mul_mul_1bkb_U2   |example_mul_mul_1bkb  |    i0 * i1   |
    |example_mul_mul_1bkb_U4   |example_mul_mul_1bkb  |    i0 * i1   |
    |example_mul_mul_1bkb_U6   |example_mul_mul_1bkb  |    i0 * i1   |
    |example_mul_mul_1bkb_U8   |example_mul_mul_1bkb  |    i0 * i1   |
    |example_mul_mul_1bkb_U10  |example_mul_mul_1bkb  |    i0 * i1   |
    |example_mul_mul_1bkb_U12  |example_mul_mul_1bkb  |    i0 * i1   |
    |example_mul_mul_1bkb_U14  |example_mul_mul_1bkb  |    i0 * i1   |
    |example_mul_mul_1bkb_U16  |example_mul_mul_1bkb  |    i0 * i1   |
    |example_mul_mul_1bkb_U18  |example_mul_mul_1bkb  |    i0 * i1   |
    |example_mul_mul_1bkb_U20  |example_mul_mul_1bkb  |    i0 * i1   |
    |example_mul_mul_1bkb_U22  |example_mul_mul_1bkb  |    i0 * i1   |
    |example_mul_mul_1bkb_U24  |example_mul_mul_1bkb  |    i0 * i1   |
    |example_mul_mul_1bkb_U26  |example_mul_mul_1bkb  |    i0 * i1   |
    |example_mul_mul_1bkb_U28  |example_mul_mul_1bkb  |    i0 * i1   |
    |example_mul_mul_1bkb_U30  |example_mul_mul_1bkb  |    i0 * i1   |
    |example_mul_mul_1bkb_U33  |example_mul_mul_1bkb  |    i0 * i1   |
    |example_mul_mul_1bkb_U35  |example_mul_mul_1bkb  |    i0 * i1   |
    |example_mul_mul_1bkb_U37  |example_mul_mul_1bkb  |    i0 * i1   |
    |example_mul_mul_1bkb_U39  |example_mul_mul_1bkb  |    i0 * i1   |
    |example_mul_mul_1bkb_U41  |example_mul_mul_1bkb  |    i0 * i1   |
    |example_mul_mul_1bkb_U43  |example_mul_mul_1bkb  |    i0 * i1   |
    |example_mul_mul_1bkb_U45  |example_mul_mul_1bkb  |    i0 * i1   |
    |example_mul_mul_1bkb_U47  |example_mul_mul_1bkb  |    i0 * i1   |
    |example_mul_mul_1bkb_U49  |example_mul_mul_1bkb  |    i0 * i1   |
    |example_mul_mul_1bkb_U51  |example_mul_mul_1bkb  |    i0 * i1   |
    |example_mul_mul_1bkb_U53  |example_mul_mul_1bkb  |    i0 * i1   |
    |example_mul_mul_1bkb_U55  |example_mul_mul_1bkb  |    i0 * i1   |
    |example_mul_mul_1bkb_U57  |example_mul_mul_1bkb  |    i0 * i1   |
    |example_mul_mul_1bkb_U59  |example_mul_mul_1bkb  |    i0 * i1   |
    |example_mul_mul_1bkb_U61  |example_mul_mul_1bkb  |    i0 * i1   |
    |example_mul_mul_1bkb_U62  |example_mul_mul_1bkb  |    i0 * i1   |
    +--------------------------+----------------------+--------------+

    * Memory: 
    N/A

    * FIFO: 
    N/A

    * Expression: 
    +-------------------------+----------+-------+---+----+------------+------------+
    |      Variable Name      | Operation| DSP48E| FF| LUT| Bitwidth P0| Bitwidth P1|
    +-------------------------+----------+-------+---+----+------------+------------+
    |add_ln28_fu_3961_p2      |     +    |      0|  0|  15|           5|           2|
    |add_ln700_12_fu_3537_p2  |     +    |      0|  0|  30|          23|          23|
    |add_ln700_13_fu_3547_p2  |     +    |      0|  0|  31|          24|          24|
    |add_ln700_14_fu_3557_p2  |     +    |      0|  0|  32|          25|          25|
    |add_ln700_17_fu_3573_p2  |     +    |      0|  0|  30|          23|          23|
    |add_ln700_20_fu_3589_p2  |     +    |      0|  0|  30|          23|          23|
    |add_ln700_21_fu_3599_p2  |     +    |      0|  0|  31|          24|          24|
    |add_ln700_24_fu_3615_p2  |     +    |      0|  0|  30|          23|          23|
    |add_ln700_27_fu_3631_p2  |     +    |      0|  0|  30|          23|          23|
    |add_ln700_28_fu_3641_p2  |     +    |      0|  0|  31|          24|          24|
    |add_ln700_29_fu_3651_p2  |     +    |      0|  0|  32|          25|          25|
    |add_ln700_2_fu_3479_p2   |     +    |      0|  0|  30|          23|          23|
    |add_ln700_30_fu_3661_p2  |     +    |      0|  0|  26|          26|          26|
    |add_ln700_33_fu_3673_p2  |     +    |      0|  0|  30|          23|          23|
    |add_ln700_36_fu_3689_p2  |     +    |      0|  0|  30|          23|          23|
    |add_ln700_37_fu_3699_p2  |     +    |      0|  0|  31|          24|          24|
    |add_ln700_40_fu_3715_p2  |     +    |      0|  0|  30|          23|          23|
    |add_ln700_43_fu_3731_p2  |     +    |      0|  0|  30|          23|          23|
    |add_ln700_44_fu_3741_p2  |     +    |      0|  0|  31|          24|          24|
    |add_ln700_45_fu_3751_p2  |     +    |      0|  0|  32|          25|          25|
    |add_ln700_48_fu_3767_p2  |     +    |      0|  0|  30|          23|          23|
    |add_ln700_51_fu_3783_p2  |     +    |      0|  0|  30|          23|          23|
    |add_ln700_52_fu_3793_p2  |     +    |      0|  0|  31|          24|          24|
    |add_ln700_55_fu_3809_p2  |     +    |      0|  0|  30|          23|          23|
    |add_ln700_58_fu_3825_p2  |     +    |      0|  0|  30|          23|          23|
    |add_ln700_59_fu_3835_p2  |     +    |      0|  0|  31|          24|          24|
    |add_ln700_5_fu_3495_p2   |     +    |      0|  0|  30|          23|          23|
    |add_ln700_60_fu_3845_p2  |     +    |      0|  0|  32|          25|          25|
    |add_ln700_61_fu_3855_p2  |     +    |      0|  0|  33|          26|          26|
    |add_ln700_62_fu_3861_p2  |     +    |      0|  0|  26|          26|          26|
    |add_ln700_6_fu_3505_p2   |     +    |      0|  0|  31|          24|          24|
    |add_ln700_9_fu_3521_p2   |     +    |      0|  0|  30|          23|          23|
    |i_1_fu_3937_p2           |     +    |      0|  0|  15|           5|           1|
    |i_fu_2787_p2             |     +    |      0|  0|  15|           7|           1|
    |j_fu_3949_p2             |     +    |      0|  0|  15|           5|           1|
    |icmp_ln28_fu_3931_p2     |   icmp   |      0|  0|  11|           5|           2|
    |icmp_ln29_fu_3943_p2     |   icmp   |      0|  0|  11|           5|           5|
    |icmp_ln53_fu_2781_p2     |   icmp   |      0|  0|  11|           7|           8|
    |icmp_ln895_fu_3955_p2    |   icmp   |      0|  0|  20|          26|          26|
    |ap_condition_1004        |    or    |      0|  0|   2|           1|           1|
    |ap_enable_pp0            |    xor   |      0|  0|   2|           1|           2|
    |ap_enable_reg_pp0_iter1  |    xor   |      0|  0|   2|           2|           1|
    +-------------------------+----------+-------+---+----+------------+------------+
    |Total                    |          |      0|  0|1060|         807|         788|
    +-------------------------+----------+-------+---+----+------------+------------+

    * Multiplexer: 
    +----------------------------------------+-----+-----------+-----+-----------+
    |                  Name                  | LUT | Input Size| Bits| Total Bits|
    +----------------------------------------+-----+-----------+-----+-----------+
    |C_0_V_o                                 |   15|          3|   26|         78|
    |C_10_V_o                                |   21|          4|   26|        104|
    |C_11_V_o                                |   21|          4|   26|        104|
    |C_12_V_o                                |   21|          4|   26|        104|
    |C_13_V_o                                |   21|          4|   26|        104|
    |C_14_V_o                                |   21|          4|   26|        104|
    |C_15_V_o                                |   21|          4|   26|        104|
    |C_16_V_o                                |   21|          4|   26|        104|
    |C_17_V_o                                |   21|          4|   26|        104|
    |C_18_V_o                                |   21|          4|   26|        104|
    |C_19_V_o                                |   21|          4|   26|        104|
    |C_1_V_o                                 |   21|          4|   26|        104|
    |C_20_V_o                                |   21|          4|   26|        104|
    |C_21_V_o                                |   21|          4|   26|        104|
    |C_22_V_o                                |   21|          4|   26|        104|
    |C_23_V_o                                |   21|          4|   26|        104|
    |C_24_V_o                                |   21|          4|   26|        104|
    |C_25_V_o                                |   21|          4|   26|        104|
    |C_26_V_o                                |   21|          4|   26|        104|
    |C_27_V_o                                |   21|          4|   26|        104|
    |C_28_V_o                                |   21|          4|   26|        104|
    |C_29_V_o                                |   21|          4|   26|        104|
    |C_2_V_o                                 |   21|          4|   26|        104|
    |C_30_V_o                                |   21|          4|   26|        104|
    |C_31_V_o                                |   15|          3|   26|         78|
    |C_3_V_o                                 |   21|          4|   26|        104|
    |C_4_V_o                                 |   21|          4|   26|        104|
    |C_5_V_o                                 |   21|          4|   26|        104|
    |C_6_V_o                                 |   21|          4|   26|        104|
    |C_7_V_o                                 |   21|          4|   26|        104|
    |C_8_V_o                                 |   21|          4|   26|        104|
    |C_9_V_o                                 |   21|          4|   26|        104|
    |ap_NS_fsm                               |   38|          7|    1|          7|
    |ap_enable_reg_pp0_iter1                 |   15|          3|    1|          3|
    |ap_phi_mux_phi_ln895_1_phi_fu_2655_p62  |  145|         32|   26|        832|
    |ap_phi_mux_temp_V_phi_fu_2526_p62       |  145|         32|   26|        832|
    |i_0_i_reg_2501                          |    9|          2|    5|         10|
    |i_0_reg_2478                            |    9|          2|    7|         14|
    |indvars_iv_i_reg_2489                   |    9|          2|    5|         10|
    |j_0_i_reg_2512                          |    9|          2|    5|         10|
    +----------------------------------------+-----+-----------+-----+-----------+
    |Total                                   | 1039|        208|  908|       4994|
    +----------------------------------------+-----+-----------+-----+-----------+

    * Register: 
    +-------------------------+---+----+-----+-----------+
    |           Name          | FF| LUT| Bits| Const Bits|
    +-------------------------+---+----+-----+-----------+
    |ap_CS_fsm                |  6|   0|    6|          0|
    |ap_enable_reg_pp0_iter0  |  1|   0|    1|          0|
    |ap_enable_reg_pp0_iter1  |  1|   0|    1|          0|
    |i_0_i_reg_2501           |  5|   0|    5|          0|
    |i_0_reg_2478             |  7|   0|    7|          0|
    |i_1_reg_4816             |  5|   0|    5|          0|
    |indvars_iv_i_reg_2489    |  5|   0|    5|          0|
    |j_0_i_reg_2512           |  5|   0|    5|          0|
    |trunc_ln321_reg_4808     |  6|   0|    6|          0|
    +-------------------------+---+----+-----+-----------+
    |Total                    | 41|   0|   41|          0|
    +-------------------------+---+----+-----+-----------+



================================================================
== Interface
================================================================
* Summary: 
+-----------------+-----+-----+------------+--------------+--------------+
|    RTL Ports    | Dir | Bits|  Protocol  | Source Object|    C Type    |
+-----------------+-----+-----+------------+--------------+--------------+
|ap_clk           |  in |    1| ap_ctrl_hs |    example   | return value |
|ap_rst           |  in |    1| ap_ctrl_hs |    example   | return value |
|ap_start         |  in |    1| ap_ctrl_hs |    example   | return value |
|ap_done          | out |    1| ap_ctrl_hs |    example   | return value |
|ap_idle          | out |    1| ap_ctrl_hs |    example   | return value |
|ap_ready         | out |    1| ap_ctrl_hs |    example   | return value |
|A_0_V_address0   | out |    6|  ap_memory |     A_0_V    |     array    |
|A_0_V_ce0        | out |    1|  ap_memory |     A_0_V    |     array    |
|A_0_V_q0         |  in |    8|  ap_memory |     A_0_V    |     array    |
|A_1_V_address0   | out |    6|  ap_memory |     A_1_V    |     array    |
|A_1_V_ce0        | out |    1|  ap_memory |     A_1_V    |     array    |
|A_1_V_q0         |  in |    8|  ap_memory |     A_1_V    |     array    |
|A_2_V_address0   | out |    6|  ap_memory |     A_2_V    |     array    |
|A_2_V_ce0        | out |    1|  ap_memory |     A_2_V    |     array    |
|A_2_V_q0         |  in |    8|  ap_memory |     A_2_V    |     array    |
|A_3_V_address0   | out |    6|  ap_memory |     A_3_V    |     array    |
|A_3_V_ce0        | out |    1|  ap_memory |     A_3_V    |     array    |
|A_3_V_q0         |  in |    8|  ap_memory |     A_3_V    |     array    |
|A_4_V_address0   | out |    6|  ap_memory |     A_4_V    |     array    |
|A_4_V_ce0        | out |    1|  ap_memory |     A_4_V    |     array    |
|A_4_V_q0         |  in |    8|  ap_memory |     A_4_V    |     array    |
|A_5_V_address0   | out |    6|  ap_memory |     A_5_V    |     array    |
|A_5_V_ce0        | out |    1|  ap_memory |     A_5_V    |     array    |
|A_5_V_q0         |  in |    8|  ap_memory |     A_5_V    |     array    |
|A_6_V_address0   | out |    6|  ap_memory |     A_6_V    |     array    |
|A_6_V_ce0        | out |    1|  ap_memory |     A_6_V    |     array    |
|A_6_V_q0         |  in |    8|  ap_memory |     A_6_V    |     array    |
|A_7_V_address0   | out |    6|  ap_memory |     A_7_V    |     array    |
|A_7_V_ce0        | out |    1|  ap_memory |     A_7_V    |     array    |
|A_7_V_q0         |  in |    8|  ap_memory |     A_7_V    |     array    |
|A_8_V_address0   | out |    6|  ap_memory |     A_8_V    |     array    |
|A_8_V_ce0        | out |    1|  ap_memory |     A_8_V    |     array    |
|A_8_V_q0         |  in |    8|  ap_memory |     A_8_V    |     array    |
|A_9_V_address0   | out |    6|  ap_memory |     A_9_V    |     array    |
|A_9_V_ce0        | out |    1|  ap_memory |     A_9_V    |     array    |
|A_9_V_q0         |  in |    8|  ap_memory |     A_9_V    |     array    |
|A_10_V_address0  | out |    6|  ap_memory |    A_10_V    |     array    |
|A_10_V_ce0       | out |    1|  ap_memory |    A_10_V    |     array    |
|A_10_V_q0        |  in |    8|  ap_memory |    A_10_V    |     array    |
|A_11_V_address0  | out |    6|  ap_memory |    A_11_V    |     array    |
|A_11_V_ce0       | out |    1|  ap_memory |    A_11_V    |     array    |
|A_11_V_q0        |  in |    8|  ap_memory |    A_11_V    |     array    |
|A_12_V_address0  | out |    6|  ap_memory |    A_12_V    |     array    |
|A_12_V_ce0       | out |    1|  ap_memory |    A_12_V    |     array    |
|A_12_V_q0        |  in |    8|  ap_memory |    A_12_V    |     array    |
|A_13_V_address0  | out |    6|  ap_memory |    A_13_V    |     array    |
|A_13_V_ce0       | out |    1|  ap_memory |    A_13_V    |     array    |
|A_13_V_q0        |  in |    8|  ap_memory |    A_13_V    |     array    |
|A_14_V_address0  | out |    6|  ap_memory |    A_14_V    |     array    |
|A_14_V_ce0       | out |    1|  ap_memory |    A_14_V    |     array    |
|A_14_V_q0        |  in |    8|  ap_memory |    A_14_V    |     array    |
|A_15_V_address0  | out |    6|  ap_memory |    A_15_V    |     array    |
|A_15_V_ce0       | out |    1|  ap_memory |    A_15_V    |     array    |
|A_15_V_q0        |  in |    8|  ap_memory |    A_15_V    |     array    |
|A_16_V_address0  | out |    6|  ap_memory |    A_16_V    |     array    |
|A_16_V_ce0       | out |    1|  ap_memory |    A_16_V    |     array    |
|A_16_V_q0        |  in |    8|  ap_memory |    A_16_V    |     array    |
|A_17_V_address0  | out |    6|  ap_memory |    A_17_V    |     array    |
|A_17_V_ce0       | out |    1|  ap_memory |    A_17_V    |     array    |
|A_17_V_q0        |  in |    8|  ap_memory |    A_17_V    |     array    |
|A_18_V_address0  | out |    6|  ap_memory |    A_18_V    |     array    |
|A_18_V_ce0       | out |    1|  ap_memory |    A_18_V    |     array    |
|A_18_V_q0        |  in |    8|  ap_memory |    A_18_V    |     array    |
|A_19_V_address0  | out |    6|  ap_memory |    A_19_V    |     array    |
|A_19_V_ce0       | out |    1|  ap_memory |    A_19_V    |     array    |
|A_19_V_q0        |  in |    8|  ap_memory |    A_19_V    |     array    |
|A_20_V_address0  | out |    6|  ap_memory |    A_20_V    |     array    |
|A_20_V_ce0       | out |    1|  ap_memory |    A_20_V    |     array    |
|A_20_V_q0        |  in |    8|  ap_memory |    A_20_V    |     array    |
|A_21_V_address0  | out |    6|  ap_memory |    A_21_V    |     array    |
|A_21_V_ce0       | out |    1|  ap_memory |    A_21_V    |     array    |
|A_21_V_q0        |  in |    8|  ap_memory |    A_21_V    |     array    |
|A_22_V_address0  | out |    6|  ap_memory |    A_22_V    |     array    |
|A_22_V_ce0       | out |    1|  ap_memory |    A_22_V    |     array    |
|A_22_V_q0        |  in |    8|  ap_memory |    A_22_V    |     array    |
|A_23_V_address0  | out |    6|  ap_memory |    A_23_V    |     array    |
|A_23_V_ce0       | out |    1|  ap_memory |    A_23_V    |     array    |
|A_23_V_q0        |  in |    8|  ap_memory |    A_23_V    |     array    |
|A_24_V_address0  | out |    6|  ap_memory |    A_24_V    |     array    |
|A_24_V_ce0       | out |    1|  ap_memory |    A_24_V    |     array    |
|A_24_V_q0        |  in |    8|  ap_memory |    A_24_V    |     array    |
|A_25_V_address0  | out |    6|  ap_memory |    A_25_V    |     array    |
|A_25_V_ce0       | out |    1|  ap_memory |    A_25_V    |     array    |
|A_25_V_q0        |  in |    8|  ap_memory |    A_25_V    |     array    |
|A_26_V_address0  | out |    6|  ap_memory |    A_26_V    |     array    |
|A_26_V_ce0       | out |    1|  ap_memory |    A_26_V    |     array    |
|A_26_V_q0        |  in |    8|  ap_memory |    A_26_V    |     array    |
|A_27_V_address0  | out |    6|  ap_memory |    A_27_V    |     array    |
|A_27_V_ce0       | out |    1|  ap_memory |    A_27_V    |     array    |
|A_27_V_q0        |  in |    8|  ap_memory |    A_27_V    |     array    |
|A_28_V_address0  | out |    6|  ap_memory |    A_28_V    |     array    |
|A_28_V_ce0       | out |    1|  ap_memory |    A_28_V    |     array    |
|A_28_V_q0        |  in |    8|  ap_memory |    A_28_V    |     array    |
|A_29_V_address0  | out |    6|  ap_memory |    A_29_V    |     array    |
|A_29_V_ce0       | out |    1|  ap_memory |    A_29_V    |     array    |
|A_29_V_q0        |  in |    8|  ap_memory |    A_29_V    |     array    |
|A_30_V_address0  | out |    6|  ap_memory |    A_30_V    |     array    |
|A_30_V_ce0       | out |    1|  ap_memory |    A_30_V    |     array    |
|A_30_V_q0        |  in |    8|  ap_memory |    A_30_V    |     array    |
|A_31_V_address0  | out |    6|  ap_memory |    A_31_V    |     array    |
|A_31_V_ce0       | out |    1|  ap_memory |    A_31_V    |     array    |
|A_31_V_q0        |  in |    8|  ap_memory |    A_31_V    |     array    |
|A_32_V_address0  | out |    6|  ap_memory |    A_32_V    |     array    |
|A_32_V_ce0       | out |    1|  ap_memory |    A_32_V    |     array    |
|A_32_V_q0        |  in |    8|  ap_memory |    A_32_V    |     array    |
|A_33_V_address0  | out |    6|  ap_memory |    A_33_V    |     array    |
|A_33_V_ce0       | out |    1|  ap_memory |    A_33_V    |     array    |
|A_33_V_q0        |  in |    8|  ap_memory |    A_33_V    |     array    |
|A_34_V_address0  | out |    6|  ap_memory |    A_34_V    |     array    |
|A_34_V_ce0       | out |    1|  ap_memory |    A_34_V    |     array    |
|A_34_V_q0        |  in |    8|  ap_memory |    A_34_V    |     array    |
|A_35_V_address0  | out |    6|  ap_memory |    A_35_V    |     array    |
|A_35_V_ce0       | out |    1|  ap_memory |    A_35_V    |     array    |
|A_35_V_q0        |  in |    8|  ap_memory |    A_35_V    |     array    |
|A_36_V_address0  | out |    6|  ap_memory |    A_36_V    |     array    |
|A_36_V_ce0       | out |    1|  ap_memory |    A_36_V    |     array    |
|A_36_V_q0        |  in |    8|  ap_memory |    A_36_V    |     array    |
|A_37_V_address0  | out |    6|  ap_memory |    A_37_V    |     array    |
|A_37_V_ce0       | out |    1|  ap_memory |    A_37_V    |     array    |
|A_37_V_q0        |  in |    8|  ap_memory |    A_37_V    |     array    |
|A_38_V_address0  | out |    6|  ap_memory |    A_38_V    |     array    |
|A_38_V_ce0       | out |    1|  ap_memory |    A_38_V    |     array    |
|A_38_V_q0        |  in |    8|  ap_memory |    A_38_V    |     array    |
|A_39_V_address0  | out |    6|  ap_memory |    A_39_V    |     array    |
|A_39_V_ce0       | out |    1|  ap_memory |    A_39_V    |     array    |
|A_39_V_q0        |  in |    8|  ap_memory |    A_39_V    |     array    |
|A_40_V_address0  | out |    6|  ap_memory |    A_40_V    |     array    |
|A_40_V_ce0       | out |    1|  ap_memory |    A_40_V    |     array    |
|A_40_V_q0        |  in |    8|  ap_memory |    A_40_V    |     array    |
|A_41_V_address0  | out |    6|  ap_memory |    A_41_V    |     array    |
|A_41_V_ce0       | out |    1|  ap_memory |    A_41_V    |     array    |
|A_41_V_q0        |  in |    8|  ap_memory |    A_41_V    |     array    |
|A_42_V_address0  | out |    6|  ap_memory |    A_42_V    |     array    |
|A_42_V_ce0       | out |    1|  ap_memory |    A_42_V    |     array    |
|A_42_V_q0        |  in |    8|  ap_memory |    A_42_V    |     array    |
|A_43_V_address0  | out |    6|  ap_memory |    A_43_V    |     array    |
|A_43_V_ce0       | out |    1|  ap_memory |    A_43_V    |     array    |
|A_43_V_q0        |  in |    8|  ap_memory |    A_43_V    |     array    |
|A_44_V_address0  | out |    6|  ap_memory |    A_44_V    |     array    |
|A_44_V_ce0       | out |    1|  ap_memory |    A_44_V    |     array    |
|A_44_V_q0        |  in |    8|  ap_memory |    A_44_V    |     array    |
|A_45_V_address0  | out |    6|  ap_memory |    A_45_V    |     array    |
|A_45_V_ce0       | out |    1|  ap_memory |    A_45_V    |     array    |
|A_45_V_q0        |  in |    8|  ap_memory |    A_45_V    |     array    |
|A_46_V_address0  | out |    6|  ap_memory |    A_46_V    |     array    |
|A_46_V_ce0       | out |    1|  ap_memory |    A_46_V    |     array    |
|A_46_V_q0        |  in |    8|  ap_memory |    A_46_V    |     array    |
|A_47_V_address0  | out |    6|  ap_memory |    A_47_V    |     array    |
|A_47_V_ce0       | out |    1|  ap_memory |    A_47_V    |     array    |
|A_47_V_q0        |  in |    8|  ap_memory |    A_47_V    |     array    |
|A_48_V_address0  | out |    6|  ap_memory |    A_48_V    |     array    |
|A_48_V_ce0       | out |    1|  ap_memory |    A_48_V    |     array    |
|A_48_V_q0        |  in |    8|  ap_memory |    A_48_V    |     array    |
|A_49_V_address0  | out |    6|  ap_memory |    A_49_V    |     array    |
|A_49_V_ce0       | out |    1|  ap_memory |    A_49_V    |     array    |
|A_49_V_q0        |  in |    8|  ap_memory |    A_49_V    |     array    |
|A_50_V_address0  | out |    6|  ap_memory |    A_50_V    |     array    |
|A_50_V_ce0       | out |    1|  ap_memory |    A_50_V    |     array    |
|A_50_V_q0        |  in |    8|  ap_memory |    A_50_V    |     array    |
|A_51_V_address0  | out |    6|  ap_memory |    A_51_V    |     array    |
|A_51_V_ce0       | out |    1|  ap_memory |    A_51_V    |     array    |
|A_51_V_q0        |  in |    8|  ap_memory |    A_51_V    |     array    |
|A_52_V_address0  | out |    6|  ap_memory |    A_52_V    |     array    |
|A_52_V_ce0       | out |    1|  ap_memory |    A_52_V    |     array    |
|A_52_V_q0        |  in |    8|  ap_memory |    A_52_V    |     array    |
|A_53_V_address0  | out |    6|  ap_memory |    A_53_V    |     array    |
|A_53_V_ce0       | out |    1|  ap_memory |    A_53_V    |     array    |
|A_53_V_q0        |  in |    8|  ap_memory |    A_53_V    |     array    |
|A_54_V_address0  | out |    6|  ap_memory |    A_54_V    |     array    |
|A_54_V_ce0       | out |    1|  ap_memory |    A_54_V    |     array    |
|A_54_V_q0        |  in |    8|  ap_memory |    A_54_V    |     array    |
|A_55_V_address0  | out |    6|  ap_memory |    A_55_V    |     array    |
|A_55_V_ce0       | out |    1|  ap_memory |    A_55_V    |     array    |
|A_55_V_q0        |  in |    8|  ap_memory |    A_55_V    |     array    |
|A_56_V_address0  | out |    6|  ap_memory |    A_56_V    |     array    |
|A_56_V_ce0       | out |    1|  ap_memory |    A_56_V    |     array    |
|A_56_V_q0        |  in |    8|  ap_memory |    A_56_V    |     array    |
|A_57_V_address0  | out |    6|  ap_memory |    A_57_V    |     array    |
|A_57_V_ce0       | out |    1|  ap_memory |    A_57_V    |     array    |
|A_57_V_q0        |  in |    8|  ap_memory |    A_57_V    |     array    |
|A_58_V_address0  | out |    6|  ap_memory |    A_58_V    |     array    |
|A_58_V_ce0       | out |    1|  ap_memory |    A_58_V    |     array    |
|A_58_V_q0        |  in |    8|  ap_memory |    A_58_V    |     array    |
|A_59_V_address0  | out |    6|  ap_memory |    A_59_V    |     array    |
|A_59_V_ce0       | out |    1|  ap_memory |    A_59_V    |     array    |
|A_59_V_q0        |  in |    8|  ap_memory |    A_59_V    |     array    |
|A_60_V_address0  | out |    6|  ap_memory |    A_60_V    |     array    |
|A_60_V_ce0       | out |    1|  ap_memory |    A_60_V    |     array    |
|A_60_V_q0        |  in |    8|  ap_memory |    A_60_V    |     array    |
|A_61_V_address0  | out |    6|  ap_memory |    A_61_V    |     array    |
|A_61_V_ce0       | out |    1|  ap_memory |    A_61_V    |     array    |
|A_61_V_q0        |  in |    8|  ap_memory |    A_61_V    |     array    |
|A_62_V_address0  | out |    6|  ap_memory |    A_62_V    |     array    |
|A_62_V_ce0       | out |    1|  ap_memory |    A_62_V    |     array    |
|A_62_V_q0        |  in |    8|  ap_memory |    A_62_V    |     array    |
|A_63_V_address0  | out |    6|  ap_memory |    A_63_V    |     array    |
|A_63_V_ce0       | out |    1|  ap_memory |    A_63_V    |     array    |
|A_63_V_q0        |  in |    8|  ap_memory |    A_63_V    |     array    |
|B_0_V            |  in |   13|   ap_none  |     B_0_V    |    pointer   |
|B_1_V            |  in |   13|   ap_none  |     B_1_V    |    pointer   |
|B_2_V            |  in |   13|   ap_none  |     B_2_V    |    pointer   |
|B_3_V            |  in |   13|   ap_none  |     B_3_V    |    pointer   |
|B_4_V            |  in |   13|   ap_none  |     B_4_V    |    pointer   |
|B_5_V            |  in |   13|   ap_none  |     B_5_V    |    pointer   |
|B_6_V            |  in |   13|   ap_none  |     B_6_V    |    pointer   |
|B_7_V            |  in |   13|   ap_none  |     B_7_V    |    pointer   |
|B_8_V            |  in |   13|   ap_none  |     B_8_V    |    pointer   |
|B_9_V            |  in |   13|   ap_none  |     B_9_V    |    pointer   |
|B_10_V           |  in |   13|   ap_none  |    B_10_V    |    pointer   |
|B_11_V           |  in |   13|   ap_none  |    B_11_V    |    pointer   |
|B_12_V           |  in |   13|   ap_none  |    B_12_V    |    pointer   |
|B_13_V           |  in |   13|   ap_none  |    B_13_V    |    pointer   |
|B_14_V           |  in |   13|   ap_none  |    B_14_V    |    pointer   |
|B_15_V           |  in |   13|   ap_none  |    B_15_V    |    pointer   |
|B_16_V           |  in |   13|   ap_none  |    B_16_V    |    pointer   |
|B_17_V           |  in |   13|   ap_none  |    B_17_V    |    pointer   |
|B_18_V           |  in |   13|   ap_none  |    B_18_V    |    pointer   |
|B_19_V           |  in |   13|   ap_none  |    B_19_V    |    pointer   |
|B_20_V           |  in |   13|   ap_none  |    B_20_V    |    pointer   |
|B_21_V           |  in |   13|   ap_none  |    B_21_V    |    pointer   |
|B_22_V           |  in |   13|   ap_none  |    B_22_V    |    pointer   |
|B_23_V           |  in |   13|   ap_none  |    B_23_V    |    pointer   |
|B_24_V           |  in |   13|   ap_none  |    B_24_V    |    pointer   |
|B_25_V           |  in |   13|   ap_none  |    B_25_V    |    pointer   |
|B_26_V           |  in |   13|   ap_none  |    B_26_V    |    pointer   |
|B_27_V           |  in |   13|   ap_none  |    B_27_V    |    pointer   |
|B_28_V           |  in |   13|   ap_none  |    B_28_V    |    pointer   |
|B_29_V           |  in |   13|   ap_none  |    B_29_V    |    pointer   |
|B_30_V           |  in |   13|   ap_none  |    B_30_V    |    pointer   |
|B_31_V           |  in |   13|   ap_none  |    B_31_V    |    pointer   |
|B_32_V           |  in |   13|   ap_none  |    B_32_V    |    pointer   |
|B_33_V           |  in |   13|   ap_none  |    B_33_V    |    pointer   |
|B_34_V           |  in |   13|   ap_none  |    B_34_V    |    pointer   |
|B_35_V           |  in |   13|   ap_none  |    B_35_V    |    pointer   |
|B_36_V           |  in |   13|   ap_none  |    B_36_V    |    pointer   |
|B_37_V           |  in |   13|   ap_none  |    B_37_V    |    pointer   |
|B_38_V           |  in |   13|   ap_none  |    B_38_V    |    pointer   |
|B_39_V           |  in |   13|   ap_none  |    B_39_V    |    pointer   |
|B_40_V           |  in |   13|   ap_none  |    B_40_V    |    pointer   |
|B_41_V           |  in |   13|   ap_none  |    B_41_V    |    pointer   |
|B_42_V           |  in |   13|   ap_none  |    B_42_V    |    pointer   |
|B_43_V           |  in |   13|   ap_none  |    B_43_V    |    pointer   |
|B_44_V           |  in |   13|   ap_none  |    B_44_V    |    pointer   |
|B_45_V           |  in |   13|   ap_none  |    B_45_V    |    pointer   |
|B_46_V           |  in |   13|   ap_none  |    B_46_V    |    pointer   |
|B_47_V           |  in |   13|   ap_none  |    B_47_V    |    pointer   |
|B_48_V           |  in |   13|   ap_none  |    B_48_V    |    pointer   |
|B_49_V           |  in |   13|   ap_none  |    B_49_V    |    pointer   |
|B_50_V           |  in |   13|   ap_none  |    B_50_V    |    pointer   |
|B_51_V           |  in |   13|   ap_none  |    B_51_V    |    pointer   |
|B_52_V           |  in |   13|   ap_none  |    B_52_V    |    pointer   |
|B_53_V           |  in |   13|   ap_none  |    B_53_V    |    pointer   |
|B_54_V           |  in |   13|   ap_none  |    B_54_V    |    pointer   |
|B_55_V           |  in |   13|   ap_none  |    B_55_V    |    pointer   |
|B_56_V           |  in |   13|   ap_none  |    B_56_V    |    pointer   |
|B_57_V           |  in |   13|   ap_none  |    B_57_V    |    pointer   |
|B_58_V           |  in |   13|   ap_none  |    B_58_V    |    pointer   |
|B_59_V           |  in |   13|   ap_none  |    B_59_V    |    pointer   |
|B_60_V           |  in |   13|   ap_none  |    B_60_V    |    pointer   |
|B_61_V           |  in |   13|   ap_none  |    B_61_V    |    pointer   |
|B_62_V           |  in |   13|   ap_none  |    B_62_V    |    pointer   |
|B_63_V           |  in |   13|   ap_none  |    B_63_V    |    pointer   |
|C_0_V_i          |  in |   26|   ap_ovld  |     C_0_V    |    pointer   |
|C_0_V_o          | out |   26|   ap_ovld  |     C_0_V    |    pointer   |
|C_0_V_o_ap_vld   | out |    1|   ap_ovld  |     C_0_V    |    pointer   |
|C_1_V_i          |  in |   26|   ap_ovld  |     C_1_V    |    pointer   |
|C_1_V_o          | out |   26|   ap_ovld  |     C_1_V    |    pointer   |
|C_1_V_o_ap_vld   | out |    1|   ap_ovld  |     C_1_V    |    pointer   |
|C_2_V_i          |  in |   26|   ap_ovld  |     C_2_V    |    pointer   |
|C_2_V_o          | out |   26|   ap_ovld  |     C_2_V    |    pointer   |
|C_2_V_o_ap_vld   | out |    1|   ap_ovld  |     C_2_V    |    pointer   |
|C_3_V_i          |  in |   26|   ap_ovld  |     C_3_V    |    pointer   |
|C_3_V_o          | out |   26|   ap_ovld  |     C_3_V    |    pointer   |
|C_3_V_o_ap_vld   | out |    1|   ap_ovld  |     C_3_V    |    pointer   |
|C_4_V_i          |  in |   26|   ap_ovld  |     C_4_V    |    pointer   |
|C_4_V_o          | out |   26|   ap_ovld  |     C_4_V    |    pointer   |
|C_4_V_o_ap_vld   | out |    1|   ap_ovld  |     C_4_V    |    pointer   |
|C_5_V_i          |  in |   26|   ap_ovld  |     C_5_V    |    pointer   |
|C_5_V_o          | out |   26|   ap_ovld  |     C_5_V    |    pointer   |
|C_5_V_o_ap_vld   | out |    1|   ap_ovld  |     C_5_V    |    pointer   |
|C_6_V_i          |  in |   26|   ap_ovld  |     C_6_V    |    pointer   |
|C_6_V_o          | out |   26|   ap_ovld  |     C_6_V    |    pointer   |
|C_6_V_o_ap_vld   | out |    1|   ap_ovld  |     C_6_V    |    pointer   |
|C_7_V_i          |  in |   26|   ap_ovld  |     C_7_V    |    pointer   |
|C_7_V_o          | out |   26|   ap_ovld  |     C_7_V    |    pointer   |
|C_7_V_o_ap_vld   | out |    1|   ap_ovld  |     C_7_V    |    pointer   |
|C_8_V_i          |  in |   26|   ap_ovld  |     C_8_V    |    pointer   |
|C_8_V_o          | out |   26|   ap_ovld  |     C_8_V    |    pointer   |
|C_8_V_o_ap_vld   | out |    1|   ap_ovld  |     C_8_V    |    pointer   |
|C_9_V_i          |  in |   26|   ap_ovld  |     C_9_V    |    pointer   |
|C_9_V_o          | out |   26|   ap_ovld  |     C_9_V    |    pointer   |
|C_9_V_o_ap_vld   | out |    1|   ap_ovld  |     C_9_V    |    pointer   |
|C_10_V_i         |  in |   26|   ap_ovld  |    C_10_V    |    pointer   |
|C_10_V_o         | out |   26|   ap_ovld  |    C_10_V    |    pointer   |
|C_10_V_o_ap_vld  | out |    1|   ap_ovld  |    C_10_V    |    pointer   |
|C_11_V_i         |  in |   26|   ap_ovld  |    C_11_V    |    pointer   |
|C_11_V_o         | out |   26|   ap_ovld  |    C_11_V    |    pointer   |
|C_11_V_o_ap_vld  | out |    1|   ap_ovld  |    C_11_V    |    pointer   |
|C_12_V_i         |  in |   26|   ap_ovld  |    C_12_V    |    pointer   |
|C_12_V_o         | out |   26|   ap_ovld  |    C_12_V    |    pointer   |
|C_12_V_o_ap_vld  | out |    1|   ap_ovld  |    C_12_V    |    pointer   |
|C_13_V_i         |  in |   26|   ap_ovld  |    C_13_V    |    pointer   |
|C_13_V_o         | out |   26|   ap_ovld  |    C_13_V    |    pointer   |
|C_13_V_o_ap_vld  | out |    1|   ap_ovld  |    C_13_V    |    pointer   |
|C_14_V_i         |  in |   26|   ap_ovld  |    C_14_V    |    pointer   |
|C_14_V_o         | out |   26|   ap_ovld  |    C_14_V    |    pointer   |
|C_14_V_o_ap_vld  | out |    1|   ap_ovld  |    C_14_V    |    pointer   |
|C_15_V_i         |  in |   26|   ap_ovld  |    C_15_V    |    pointer   |
|C_15_V_o         | out |   26|   ap_ovld  |    C_15_V    |    pointer   |
|C_15_V_o_ap_vld  | out |    1|   ap_ovld  |    C_15_V    |    pointer   |
|C_16_V_i         |  in |   26|   ap_ovld  |    C_16_V    |    pointer   |
|C_16_V_o         | out |   26|   ap_ovld  |    C_16_V    |    pointer   |
|C_16_V_o_ap_vld  | out |    1|   ap_ovld  |    C_16_V    |    pointer   |
|C_17_V_i         |  in |   26|   ap_ovld  |    C_17_V    |    pointer   |
|C_17_V_o         | out |   26|   ap_ovld  |    C_17_V    |    pointer   |
|C_17_V_o_ap_vld  | out |    1|   ap_ovld  |    C_17_V    |    pointer   |
|C_18_V_i         |  in |   26|   ap_ovld  |    C_18_V    |    pointer   |
|C_18_V_o         | out |   26|   ap_ovld  |    C_18_V    |    pointer   |
|C_18_V_o_ap_vld  | out |    1|   ap_ovld  |    C_18_V    |    pointer   |
|C_19_V_i         |  in |   26|   ap_ovld  |    C_19_V    |    pointer   |
|C_19_V_o         | out |   26|   ap_ovld  |    C_19_V    |    pointer   |
|C_19_V_o_ap_vld  | out |    1|   ap_ovld  |    C_19_V    |    pointer   |
|C_20_V_i         |  in |   26|   ap_ovld  |    C_20_V    |    pointer   |
|C_20_V_o         | out |   26|   ap_ovld  |    C_20_V    |    pointer   |
|C_20_V_o_ap_vld  | out |    1|   ap_ovld  |    C_20_V    |    pointer   |
|C_21_V_i         |  in |   26|   ap_ovld  |    C_21_V    |    pointer   |
|C_21_V_o         | out |   26|   ap_ovld  |    C_21_V    |    pointer   |
|C_21_V_o_ap_vld  | out |    1|   ap_ovld  |    C_21_V    |    pointer   |
|C_22_V_i         |  in |   26|   ap_ovld  |    C_22_V    |    pointer   |
|C_22_V_o         | out |   26|   ap_ovld  |    C_22_V    |    pointer   |
|C_22_V_o_ap_vld  | out |    1|   ap_ovld  |    C_22_V    |    pointer   |
|C_23_V_i         |  in |   26|   ap_ovld  |    C_23_V    |    pointer   |
|C_23_V_o         | out |   26|   ap_ovld  |    C_23_V    |    pointer   |
|C_23_V_o_ap_vld  | out |    1|   ap_ovld  |    C_23_V    |    pointer   |
|C_24_V_i         |  in |   26|   ap_ovld  |    C_24_V    |    pointer   |
|C_24_V_o         | out |   26|   ap_ovld  |    C_24_V    |    pointer   |
|C_24_V_o_ap_vld  | out |    1|   ap_ovld  |    C_24_V    |    pointer   |
|C_25_V_i         |  in |   26|   ap_ovld  |    C_25_V    |    pointer   |
|C_25_V_o         | out |   26|   ap_ovld  |    C_25_V    |    pointer   |
|C_25_V_o_ap_vld  | out |    1|   ap_ovld  |    C_25_V    |    pointer   |
|C_26_V_i         |  in |   26|   ap_ovld  |    C_26_V    |    pointer   |
|C_26_V_o         | out |   26|   ap_ovld  |    C_26_V    |    pointer   |
|C_26_V_o_ap_vld  | out |    1|   ap_ovld  |    C_26_V    |    pointer   |
|C_27_V_i         |  in |   26|   ap_ovld  |    C_27_V    |    pointer   |
|C_27_V_o         | out |   26|   ap_ovld  |    C_27_V    |    pointer   |
|C_27_V_o_ap_vld  | out |    1|   ap_ovld  |    C_27_V    |    pointer   |
|C_28_V_i         |  in |   26|   ap_ovld  |    C_28_V    |    pointer   |
|C_28_V_o         | out |   26|   ap_ovld  |    C_28_V    |    pointer   |
|C_28_V_o_ap_vld  | out |    1|   ap_ovld  |    C_28_V    |    pointer   |
|C_29_V_i         |  in |   26|   ap_ovld  |    C_29_V    |    pointer   |
|C_29_V_o         | out |   26|   ap_ovld  |    C_29_V    |    pointer   |
|C_29_V_o_ap_vld  | out |    1|   ap_ovld  |    C_29_V    |    pointer   |
|C_30_V_i         |  in |   26|   ap_ovld  |    C_30_V    |    pointer   |
|C_30_V_o         | out |   26|   ap_ovld  |    C_30_V    |    pointer   |
|C_30_V_o_ap_vld  | out |    1|   ap_ovld  |    C_30_V    |    pointer   |
|C_31_V_i         |  in |   26|   ap_ovld  |    C_31_V    |    pointer   |
|C_31_V_o         | out |   26|   ap_ovld  |    C_31_V    |    pointer   |
|C_31_V_o_ap_vld  | out |    1|   ap_ovld  |    C_31_V    |    pointer   |
|C_32_V           | out |   26|   ap_vld   |    C_32_V    |    pointer   |
|C_32_V_ap_vld    | out |    1|   ap_vld   |    C_32_V    |    pointer   |
|C_33_V           | out |   26|   ap_vld   |    C_33_V    |    pointer   |
|C_33_V_ap_vld    | out |    1|   ap_vld   |    C_33_V    |    pointer   |
|C_34_V           | out |   26|   ap_vld   |    C_34_V    |    pointer   |
|C_34_V_ap_vld    | out |    1|   ap_vld   |    C_34_V    |    pointer   |
|C_35_V           | out |   26|   ap_vld   |    C_35_V    |    pointer   |
|C_35_V_ap_vld    | out |    1|   ap_vld   |    C_35_V    |    pointer   |
|C_36_V           | out |   26|   ap_vld   |    C_36_V    |    pointer   |
|C_36_V_ap_vld    | out |    1|   ap_vld   |    C_36_V    |    pointer   |
|C_37_V           | out |   26|   ap_vld   |    C_37_V    |    pointer   |
|C_37_V_ap_vld    | out |    1|   ap_vld   |    C_37_V    |    pointer   |
|C_38_V           | out |   26|   ap_vld   |    C_38_V    |    pointer   |
|C_38_V_ap_vld    | out |    1|   ap_vld   |    C_38_V    |    pointer   |
|C_39_V           | out |   26|   ap_vld   |    C_39_V    |    pointer   |
|C_39_V_ap_vld    | out |    1|   ap_vld   |    C_39_V    |    pointer   |
|C_40_V           | out |   26|   ap_vld   |    C_40_V    |    pointer   |
|C_40_V_ap_vld    | out |    1|   ap_vld   |    C_40_V    |    pointer   |
|C_41_V           | out |   26|   ap_vld   |    C_41_V    |    pointer   |
|C_41_V_ap_vld    | out |    1|   ap_vld   |    C_41_V    |    pointer   |
|C_42_V           | out |   26|   ap_vld   |    C_42_V    |    pointer   |
|C_42_V_ap_vld    | out |    1|   ap_vld   |    C_42_V    |    pointer   |
|C_43_V           | out |   26|   ap_vld   |    C_43_V    |    pointer   |
|C_43_V_ap_vld    | out |    1|   ap_vld   |    C_43_V    |    pointer   |
|C_44_V           | out |   26|   ap_vld   |    C_44_V    |    pointer   |
|C_44_V_ap_vld    | out |    1|   ap_vld   |    C_44_V    |    pointer   |
|C_45_V           | out |   26|   ap_vld   |    C_45_V    |    pointer   |
|C_45_V_ap_vld    | out |    1|   ap_vld   |    C_45_V    |    pointer   |
|C_46_V           | out |   26|   ap_vld   |    C_46_V    |    pointer   |
|C_46_V_ap_vld    | out |    1|   ap_vld   |    C_46_V    |    pointer   |
|C_47_V           | out |   26|   ap_vld   |    C_47_V    |    pointer   |
|C_47_V_ap_vld    | out |    1|   ap_vld   |    C_47_V    |    pointer   |
|C_48_V           | out |   26|   ap_vld   |    C_48_V    |    pointer   |
|C_48_V_ap_vld    | out |    1|   ap_vld   |    C_48_V    |    pointer   |
|C_49_V           | out |   26|   ap_vld   |    C_49_V    |    pointer   |
|C_49_V_ap_vld    | out |    1|   ap_vld   |    C_49_V    |    pointer   |
|C_50_V           | out |   26|   ap_vld   |    C_50_V    |    pointer   |
|C_50_V_ap_vld    | out |    1|   ap_vld   |    C_50_V    |    pointer   |
|C_51_V           | out |   26|   ap_vld   |    C_51_V    |    pointer   |
|C_51_V_ap_vld    | out |    1|   ap_vld   |    C_51_V    |    pointer   |
|C_52_V           | out |   26|   ap_vld   |    C_52_V    |    pointer   |
|C_52_V_ap_vld    | out |    1|   ap_vld   |    C_52_V    |    pointer   |
|C_53_V           | out |   26|   ap_vld   |    C_53_V    |    pointer   |
|C_53_V_ap_vld    | out |    1|   ap_vld   |    C_53_V    |    pointer   |
|C_54_V           | out |   26|   ap_vld   |    C_54_V    |    pointer   |
|C_54_V_ap_vld    | out |    1|   ap_vld   |    C_54_V    |    pointer   |
|C_55_V           | out |   26|   ap_vld   |    C_55_V    |    pointer   |
|C_55_V_ap_vld    | out |    1|   ap_vld   |    C_55_V    |    pointer   |
|C_56_V           | out |   26|   ap_vld   |    C_56_V    |    pointer   |
|C_56_V_ap_vld    | out |    1|   ap_vld   |    C_56_V    |    pointer   |
|C_57_V           | out |   26|   ap_vld   |    C_57_V    |    pointer   |
|C_57_V_ap_vld    | out |    1|   ap_vld   |    C_57_V    |    pointer   |
|C_58_V           | out |   26|   ap_vld   |    C_58_V    |    pointer   |
|C_58_V_ap_vld    | out |    1|   ap_vld   |    C_58_V    |    pointer   |
|C_59_V           | out |   26|   ap_vld   |    C_59_V    |    pointer   |
|C_59_V_ap_vld    | out |    1|   ap_vld   |    C_59_V    |    pointer   |
|C_60_V           | out |   26|   ap_vld   |    C_60_V    |    pointer   |
|C_60_V_ap_vld    | out |    1|   ap_vld   |    C_60_V    |    pointer   |
|C_61_V           | out |   26|   ap_vld   |    C_61_V    |    pointer   |
|C_61_V_ap_vld    | out |    1|   ap_vld   |    C_61_V    |    pointer   |
|C_62_V           | out |   26|   ap_vld   |    C_62_V    |    pointer   |
|C_62_V_ap_vld    | out |    1|   ap_vld   |    C_62_V    |    pointer   |
|C_63_V           | out |   26|   ap_vld   |    C_63_V    |    pointer   |
|C_63_V_ap_vld    | out |    1|   ap_vld   |    C_63_V    |    pointer   |
+-----------------+-----+-----+------------+--------------+--------------+

