

================================================================
== Vivado HLS Report for 'lec10ex1'
================================================================
* Date:           Wed Mar 26 06:04:09 2025

* Version:        2020.1 (Build 2897737 on Wed May 27 20:21:37 MDT 2020)
* Project:        problem1
* Solution:       solution3
* Product family: virtexuplus
* Target device:  xcvu7p-flva2104-1-i


================================================================
== Performance Estimates
================================================================
+ Timing: 
    * Summary: 
    +--------+----------+----------+------------+
    |  Clock |  Target  | Estimated| Uncertainty|
    +--------+----------+----------+------------+
    |ap_clk  | 25.00 ns | 5.772 ns |   3.12 ns  |
    +--------+----------+----------+------------+

+ Latency: 
    * Summary: 
    +---------+---------+----------+----------+-----+-----+---------+
    |  Latency (cycles) |  Latency (absolute) |  Interval | Pipeline|
    |   min   |   max   |    min   |    max   | min | max |   Type  |
    +---------+---------+----------+----------+-----+-----+---------+
    |       34|       34| 0.850 us | 0.850 us |   34|   34|   none  |
    +---------+---------+----------+----------+-----+-----+---------+

    + Detail: 
        * Instance: 
        N/A

        * Loop: 
        +----------+---------+---------+----------+-----------+-----------+------+----------+
        |          |  Latency (cycles) | Iteration|  Initiation Interval  | Trip |          |
        | Loop Name|   min   |   max   |  Latency |  achieved |   target  | Count| Pipelined|
        +----------+---------+---------+----------+-----------+-----------+------+----------+
        |- Loop    |       33|       33|         3|          -|          -|    11|    no    |
        +----------+---------+---------+----------+-----------+-----------+------+----------+



================================================================
== Utilization Estimates
================================================================
* Summary: 
+---------------------+---------+-------+---------+--------+-----+
|         Name        | BRAM_18K| DSP48E|    FF   |   LUT  | URAM|
+---------------------+---------+-------+---------+--------+-----+
|DSP                  |        -|      -|        -|       -|    -|
|Expression           |        -|      3|        0|      85|    -|
|FIFO                 |        -|      -|        -|       -|    -|
|Instance             |        -|      -|        -|       -|    -|
|Memory               |        0|      -|       64|       6|    0|
|Multiplexer          |        -|      -|        -|     105|    -|
|Register             |        -|      -|      111|       -|    -|
+---------------------+---------+-------+---------+--------+-----+
|Total                |        0|      3|      175|     196|    0|
+---------------------+---------+-------+---------+--------+-----+
|Available SLR        |     1440|   2280|   788160|  394080|  320|
+---------------------+---------+-------+---------+--------+-----+
|Utilization SLR (%)  |        0|   ~0  |    ~0   |   ~0   |    0|
+---------------------+---------+-------+---------+--------+-----+
|Available            |     2880|   4560|  1576320|  788160|  640|
+---------------------+---------+-------+---------+--------+-----+
|Utilization (%)      |        0|   ~0  |    ~0   |   ~0   |    0|
+---------------------+---------+-------+---------+--------+-----+

+ Detail: 
    * Instance: 
    N/A

    * DSP48E: 
    N/A

    * Memory: 
    +-------+--------------+---------+----+----+-----+------+-----+------+-------------+
    | Memory|    Module    | BRAM_18K| FF | LUT| URAM| Words| Bits| Banks| W*Bits*Banks|
    +-------+--------------+---------+----+----+-----+------+-----+------+-------------+
    |arr_U  |lec10ex1_arr  |        0|  64|   6|    0|    11|   32|     1|          352|
    +-------+--------------+---------+----+----+-----+------+-----+------+-------------+
    |Total  |              |        0|  64|   6|    0|    11|   32|     1|          352|
    +-------+--------------+---------+----+----+-----+------+-----+------+-------------+

    * FIFO: 
    N/A

    * Expression: 
    +---------------------+----------+-------+---+----+------------+------------+
    |    Variable Name    | Operation| DSP48E| FF| LUT| Bitwidth P0| Bitwidth P1|
    +---------------------+----------+-------+---+----+------------+------------+
    |mul_ln24_fu_163_p2   |     *    |      3|  0|  20|          32|          32|
    |grp_fu_125_p2        |     +    |      0|  0|  15|           5|           2|
    |sum_fu_169_p2        |     +    |      0|  0|  39|          32|          32|
    |icmp_ln14_fu_144_p2  |   icmp   |      0|  0|  11|           5|           1|
    +---------------------+----------+-------+---+----+------------+------------+
    |Total                |          |      3|  0|  85|          74|          67|
    +---------------------+----------+-------+---+----+------------+------------+

    * Multiplexer: 
    +----------------+----+-----------+-----+-----------+
    |      Name      | LUT| Input Size| Bits| Total Bits|
    +----------------+----+-----------+-----+-----------+
    |ap_NS_fsm       |  27|          5|    1|          5|
    |arr_address0    |  21|          4|    4|         16|
    |arr_d0          |  15|          3|   32|         96|
    |data_0_reg_116  |   9|          2|   32|         64|
    |grp_fu_125_p0   |  15|          3|    5|         15|
    |i_0_reg_104     |   9|          2|    5|         10|
    |sum_0_reg_91    |   9|          2|   32|         64|
    +----------------+----+-----------+-----+-----------+
    |Total           | 105|         21|  111|        270|
    +----------------+----+-----------+-----+-----------+

    * Register: 
    +-------------------+----+----+-----+-----------+
    |        Name       | FF | LUT| Bits| Const Bits|
    +-------------------+----+----+-----+-----------+
    |ap_CS_fsm          |   4|   0|    4|          0|
    |data_0_reg_116     |  32|   0|   32|          0|
    |i_0_reg_104        |   5|   0|    5|          0|
    |i_reg_209          |   5|   0|    5|          0|
    |icmp_ln14_reg_190  |   1|   0|    1|          0|
    |sext_ln12_reg_181  |  32|   0|   32|          0|
    |sum_0_reg_91       |  32|   0|   32|          0|
    +-------------------+----+----+-----+-----------+
    |Total              | 111|   0|  111|          0|
    +-------------------+----+----+-----+-----------+



================================================================
== Interface
================================================================
* Summary: 
+------------+-----+-----+------------+--------------+--------------+
|  RTL Ports | Dir | Bits|  Protocol  | Source Object|    C Type    |
+------------+-----+-----+------------+--------------+--------------+
|ap_clk      |  in |    1| ap_ctrl_hs |   lec10ex1   | return value |
|ap_rst      |  in |    1| ap_ctrl_hs |   lec10ex1   | return value |
|ap_start    |  in |    1| ap_ctrl_hs |   lec10ex1   | return value |
|ap_done     | out |    1| ap_ctrl_hs |   lec10ex1   | return value |
|ap_idle     | out |    1| ap_ctrl_hs |   lec10ex1   | return value |
|ap_ready    | out |    1| ap_ctrl_hs |   lec10ex1   | return value |
|y           | out |   32|   ap_vld   |       y      |    pointer   |
|y_ap_vld    | out |    1|   ap_vld   |       y      |    pointer   |
|c_address0  | out |    4|  ap_memory |       c      |     array    |
|c_ce0       | out |    1|  ap_memory |       c      |     array    |
|c_q0        |  in |   32|  ap_memory |       c      |     array    |
|x           |  in |   32|   ap_none  |       x      |    scalar    |
+------------+-----+-----+------------+--------------+--------------+

