

================================================================
== Vivado HLS Report for 'lec10ex1'
================================================================
* Date:           Wed Mar 26 05:58:45 2025

* Version:        2020.1 (Build 2897737 on Wed May 27 20:21:37 MDT 2020)
* Project:        problem1
* Solution:       solution2
* Product family: virtexuplus
* Target device:  xcvu9p-flga2104-1-i


================================================================
== Performance Estimates
================================================================
+ Timing: 
    * Summary: 
    +--------+---------+----------+------------+
    |  Clock |  Target | Estimated| Uncertainty|
    +--------+---------+----------+------------+
    |ap_clk  | 4.00 ns | 2.893 ns |   0.50 ns  |
    +--------+---------+----------+------------+

+ Latency: 
    * Summary: 
    +---------+---------+----------+----------+-----+-----+---------+
    |  Latency (cycles) |  Latency (absolute) |  Interval | Pipeline|
    |   min   |   max   |    min   |    max   | min | max |   Type  |
    +---------+---------+----------+----------+-----+-----+---------+
    |       67|       67| 0.268 us | 0.268 us |   67|   67|   none  |
    +---------+---------+----------+----------+-----+-----+---------+

    + Detail: 
        * Instance: 
        N/A

        * Loop: 
        +----------+---------+---------+----------+-----------+-----------+------+----------+
        |          |  Latency (cycles) | Iteration|  Initiation Interval  | Trip |          |
        | Loop Name|   min   |   max   |  Latency |  achieved |   target  | Count| Pipelined|
        +----------+---------+---------+----------+-----------+-----------+------+----------+
        |- Loop    |       66|       66|         6|          -|          -|    11|    no    |
        +----------+---------+---------+----------+-----------+-----------+------+----------+



================================================================
== Utilization Estimates
================================================================
* Summary: 
+---------------------+---------+-------+---------+---------+-----+
|         Name        | BRAM_18K| DSP48E|    FF   |   LUT   | URAM|
+---------------------+---------+-------+---------+---------+-----+
|DSP                  |        -|      -|        -|        -|    -|
|Expression           |        -|      -|        0|       65|    -|
|FIFO                 |        -|      -|        -|        -|    -|
|Instance             |        -|      3|      165|       49|    -|
|Memory               |        0|      -|       64|        6|    0|
|Multiplexer          |        -|      -|        -|      119|    -|
|Register             |        -|      -|      178|        -|    -|
+---------------------+---------+-------+---------+---------+-----+
|Total                |        0|      3|      407|      239|    0|
+---------------------+---------+-------+---------+---------+-----+
|Available SLR        |     1440|   2280|   788160|   394080|  320|
+---------------------+---------+-------+---------+---------+-----+
|Utilization SLR (%)  |        0|   ~0  |    ~0   |    ~0   |    0|
+---------------------+---------+-------+---------+---------+-----+
|Available            |     4320|   6840|  2364480|  1182240|  960|
+---------------------+---------+-------+---------+---------+-----+
|Utilization (%)      |        0|   ~0  |    ~0   |    ~0   |    0|
+---------------------+---------+-------+---------+---------+-----+

+ Detail: 
    * Instance: 
    +-------------------------+----------------------+---------+-------+-----+----+-----+
    |         Instance        |        Module        | BRAM_18K| DSP48E|  FF | LUT| URAM|
    +-------------------------+----------------------+---------+-------+-----+----+-----+
    |lec10ex1_mul_32s_bkb_U1  |lec10ex1_mul_32s_bkb  |        0|      3|  165|  49|    0|
    +-------------------------+----------------------+---------+-------+-----+----+-----+
    |Total                    |                      |        0|      3|  165|  49|    0|
    +-------------------------+----------------------+---------+-------+-----+----+-----+

    * DSP48E: 
    N/A

    * Memory: 
    +-------+--------------+---------+----+----+-----+------+-----+------+-------------+
    | Memory|    Module    | BRAM_18K| FF | LUT| URAM| Words| Bits| Banks| W*Bits*Banks|
    +-------+--------------+---------+----+----+-----+------+-----+------+-------------+
    |arr_U  |lec10ex1_arr  |        0|  64|   6|    0|    11|   32|     1|          352|
    +-------+--------------+---------+----+----+-----+------+-----+------+-------------+
    |Total  |              |        0|  64|   6|    0|    11|   32|     1|          352|
    +-------+--------------+---------+----+----+-----+------+-----+------+-------------+

    * FIFO: 
    N/A

    * Expression: 
    +---------------------+----------+-------+---+----+------------+------------+
    |    Variable Name    | Operation| DSP48E| FF| LUT| Bitwidth P0| Bitwidth P1|
    +---------------------+----------+-------+---+----+------------+------------+
    |grp_fu_126_p2        |     +    |      0|  0|  15|           5|           2|
    |sum_fu_169_p2        |     +    |      0|  0|  39|          32|          32|
    |icmp_ln14_fu_145_p2  |   icmp   |      0|  0|  11|           5|           1|
    +---------------------+----------+-------+---+----+------------+------------+
    |Total                |          |      0|  0|  65|          42|          35|
    +---------------------+----------+-------+---+----+------------+------------+

    * Multiplexer: 
    +----------------+----+-----------+-----+-----------+
    |      Name      | LUT| Input Size| Bits| Total Bits|
    +----------------+----+-----------+-----+-----------+
    |ap_NS_fsm       |  41|          8|    1|          8|
    |arr_address0    |  21|          4|    4|         16|
    |arr_d0          |  15|          3|   32|         96|
    |data_0_reg_116  |   9|          2|   32|         64|
    |grp_fu_126_p0   |  15|          3|    5|         15|
    |i_0_reg_104     |   9|          2|    5|         10|
    |sum_0_reg_91    |   9|          2|   32|         64|
    +----------------+----+-----------+-----+-----------+
    |Total           | 119|         24|  111|        273|
    +----------------+----+-----------+-----+-----------+

    * Register: 
    +-------------------+----+----+-----+-----------+
    |        Name       | FF | LUT| Bits| Const Bits|
    +-------------------+----+----+-----+-----------+
    |ap_CS_fsm          |   7|   0|    7|          0|
    |c_load_reg_213     |  32|   0|   32|          0|
    |data_0_reg_116     |  32|   0|   32|          0|
    |i_0_reg_104        |   5|   0|    5|          0|
    |i_reg_208          |   5|   0|    5|          0|
    |icmp_ln14_reg_189  |   1|   0|    1|          0|
    |mul_ln24_reg_218   |  32|   0|   32|          0|
    |sext_ln12_reg_180  |  32|   0|   32|          0|
    |sum_0_reg_91       |  32|   0|   32|          0|
    +-------------------+----+----+-----+-----------+
    |Total              | 178|   0|  178|          0|
    +-------------------+----+----+-----+-----------+



================================================================
== Interface
================================================================
* Summary: 
+------------+-----+-----+------------+--------------+--------------+
|  RTL Ports | Dir | Bits|  Protocol  | Source Object|    C Type    |
+------------+-----+-----+------------+--------------+--------------+
|ap_clk      |  in |    1| ap_ctrl_hs |   lec10ex1   | return value |
|ap_rst      |  in |    1| ap_ctrl_hs |   lec10ex1   | return value |
|ap_start    |  in |    1| ap_ctrl_hs |   lec10ex1   | return value |
|ap_done     | out |    1| ap_ctrl_hs |   lec10ex1   | return value |
|ap_idle     | out |    1| ap_ctrl_hs |   lec10ex1   | return value |
|ap_ready    | out |    1| ap_ctrl_hs |   lec10ex1   | return value |
|y           | out |   32|   ap_vld   |       y      |    pointer   |
|y_ap_vld    | out |    1|   ap_vld   |       y      |    pointer   |
|c_address0  | out |    4|  ap_memory |       c      |     array    |
|c_ce0       | out |    1|  ap_memory |       c      |     array    |
|c_q0        |  in |   32|  ap_memory |       c      |     array    |
|x           |  in |   32|   ap_none  |       x      |    scalar    |
+------------+-----+-----+------------+--------------+--------------+

